Started by user [8mha:////4AjHMjkt69zsMppt+Q2njOv6AOxFDCuIsKKJGyOq/GrDAAAAmh+LCAAAAAAAAP9b85aBtbiIQTGjNKU4P08vOT+vOD8nVc83PyU1x6OyILUoJzMv2y+/JJUBAhiZGBgqihhk0NSjKDWzXb3RdlLBUSYGJk8GtpzUvPSSDB8G5tKinBIGIZ+sxLJE/ZzEvHT94JKizLx0a6BxUmjGOUNodHsLgAzBEgY+/dLi1CL9gqLElNTUgkQAqdjb+sMAAAA=[0mPradeepa Siddappa
Obtained Jenkinsfile from git https://github.com/Pradeepa-geek/spring-webapp.git
Running in Durability level: MAX_SURVIVABILITY
[8mha:////4Guiil79n3qMEpw08+k8DKFlsMmNFv/yB4mnjV0uazPyAAAAoh+LCAAAAAAAAP9tjTEOwjAQBM8BClpKHuFItIiK1krDC0x8GCfWnbEdkooX8TX+gCESFVvtrLSa5wtWKcKBo5UdUu8otU4GP9jS5Mixv3geZcdn2TIl9igbHBs2eJyx4YwwR1SwULBGaj0nRzbDRnX6rmuvydanHMu2V1A5c4MHCFXMWcf8hSnC9jqYxPTz/BXAFEIGsfuclm8zQVqFvQAAAA==[0m[Pipeline] Start of Pipeline
[8mha:////4MB+3lH4KyFbXoYr4sV3o+LDqTtNqQSwJUxj/6+SNp71AAAApR+LCAAAAAAAAP9tjTEOwjAUQ3+KOrAycohUghExsUZZOEFIQkgb/d8mKe3EibgadyBQiQlLlmxL1nu+oE4RjhQdby12HpP2vA+jK4lPFLtroIm3dOGaMFGwXNpJkrGnpUrKFhaxClYC1hZ1oOTRZdiIVt1VExS65pxj2Q4CKm8GeAAThZxVzN8yR9jeRpMIf5y/AJj7DGxXvP/86jduZBmjwAAAAA==[0m[Pipeline] node
Running on [8mha:////4ApjI18resyxp5NWt5MEqo6//vj7vDsJM2uxreRZpVAUAAAAnh+LCAAAAAAAAP9b85aBtbiIQTGjNKU4P08vOT+vOD8nVc83PyU1x6OyILUoJzMv2y+/JJUBAhiZGBgqihhk0NSjKDWzXb3RdlLBUSYGJk8GtpzUvPSSDB8G5tKinBIGIZ+sxLJE/ZzEvHT94JKizLx0a6BxUmjGOUNodHsLgAz2EgZh/eT83ILSktQifY3cxGIgrakPAHib2iPIAAAA[0mJenkins in /home/labuser/.jenkins/workspace/FinalProject
[8mha:////4O/Gcy9iyAp4MIuoAQiLr7cwxqUuZZKFxBKC/79EMqA0AAAApR+LCAAAAAAAAP9tjTEOwjAUQ3+KOrAycoh0gA0xsUZZOEFIQkgb/d8mKe3EibgadyBQiQlLlmxL1nu+oE4RjhQdby12HpP2vA+jK4lPFLtroIm3dOGaMFGwXNpJkrGnpUrKFhaxClYC1hZ1oOTRZdiIVt1VExS65pxj2Q4CKm8GeAAThZxVzN8yR9jeRpMIf5y/AJj7DGxXvP/86jfoP95RwAAAAA==[0m[Pipeline] {
[8mha:////4Pyoun0PHHO5Omh3j81Nz5giHwVeizIVS/ZsRQvZhBfJAAAApR+LCAAAAAAAAP9tjTEOwjAUQ3+KOrAycoh0gQkxsUZZOEFIQkgb/d8mKe3EibgadyBQiQlLlmxL1nu+oE4RjhQdby12HpP2vA+jK4lPFLtroIm3dOGaMFGwXNpJkrGnpUrKFhaxClYC1hZ1oOTRZdiIVt1VExS65pxj2Q4CKm8GeAAThZxVzN8yR9jeRpMIf5y/AJj7DGxXvP/86jc09154wAAAAA==[0m[Pipeline] stage
[8mha:////4CeD13314sNyT/6Bno6lxgN0BK4LySrBkmiR2oF6/dmzAAAApR+LCAAAAAAAAP9tjTEOwjAUQ3+KOrAycoh0ggUxsUZZOEFIQkgb/d8mKe3EibgadyBQiQlLlmxL1nu+oE4RjhQdby12HpP2vA+jK4lPFLtroIm3dOGaMFGwXNpJkrGnpUrKFhaxClYC1hZ1oOTRZdiIVt1VExS65pxj2Q4CKm8GeAAThZxVzN8yR9jeRpMIf5y/AJj7DGxXvP/86jek7ggRwAAAAA==[0m[Pipeline] { (Declarative: Checkout SCM)
[8mha:////4FxWGSGIHTjdTI3s3qhJjfODPTWXNtsrZ0elGN36hT/3AAAAoh+LCAAAAAAAAP9tjTEOAiEURD9rLGwtPQTbaWGsbAmNJ0AWEZb8zwLrbuWJvJp3kLiJlZNMMm+a93rDOic4UbLcG+wdZu14DKOti0+U+lugiXu6ck2YKRguzSSpM+cFJRUDS1gDKwEbgzpQdmgLbIVXD9UGhba9lFS/o4DGdQM8gYlqLiqVL8wJdvexy4Q/z18BzLEA29ce4gfg7KmOvAAAAA==[0m[Pipeline] checkout
Selected Git installation does not exist. Using Default
The recommended git tool is: NONE
No credentials specified
 > git rev-parse --resolve-git-dir /home/labuser/.jenkins/workspace/FinalProject/.git # timeout=10
Fetching changes from the remote Git repository
 > git config remote.origin.url https://github.com/Pradeepa-geek/spring-webapp.git # timeout=10
Fetching upstream changes from https://github.com/Pradeepa-geek/spring-webapp.git
 > git --version # timeout=10
 > git --version # 'git version 2.7.4'
 > git fetch --tags --progress https://github.com/Pradeepa-geek/spring-webapp.git +refs/heads/*:refs/remotes/origin/* # timeout=10
 > git rev-parse refs/remotes/origin/master^{commit} # timeout=10
Checking out Revision e70c31d3e3a123721d30ab2aba358c1207f8c80a (refs/remotes/origin/master)
 > git config core.sparsecheckout # timeout=10
 > git checkout -f e70c31d3e3a123721d30ab2aba358c1207f8c80a # timeout=10
Commit message: "Update Jenkinsfile"
 > git rev-list --no-walk 03d1d4789e0271014e763ec0c79f848a9e0c82a4 # timeout=10
[8mha:////4CVXK6DtrW1rZBRVb5t60svy+SJWx8RB6RI+ICY6xNO8AAAAoh+LCAAAAAAAAP9tjTEOAiEURD9rLGwtPQTbGRNjZUtoPAGyiLDkfxZYdytP5NW8g8RNrJxkknnTvNcb1jnBiZLl3mDvMGvHYxhtXXyi1N8CTdzTlWvCTMFwaSZJnTkvKKkYWMIaWAnYGNSBskNbYCu8eqg2KLTtpaT6HQU0rhvgCUxUc1GpfGFOsLuPXSb8ef4KYI6xADvU7j9Dg2gqvAAAAA==[0m[Pipeline] }
[8mha:////4OBcAxW3yyax85Cei+/GVjVmIAnaxllEeDSKfsOYwqpuAAAAoh+LCAAAAAAAAP9tjTEOAiEURD9rLGwtPQRbWRhjZUtoPAGyiLDkfxZYdytP5NW8g8RNrJxkknnTvNcb1jnBiZLl3mDvMGvHYxhtXXyi1N8CTdzTlWvCTMFwaSZJnTkvKKkYWMIaWAnYGNSBskNbYCu8eqg2KLTtpaT6HQU0rhvgCUxUc1GpfGFOsLuPXSb8ef4KYI6xADvU7j9J+wGOvAAAAA==[0m[Pipeline] // stage
[8mha:////4FTYou1/1sLLBm2eYpr4rpf5OiQVPP0TVguGwphjBfKcAAAAph+LCAAAAAAAAP9tjTEOwjAQBM9BKWgpeYQDEh2iorXc8AITG+PEugv2haTiRXyNPxCIRMVWOyut5vmCMic4UPKycdgGzHWQXez91ORAqb1EGmRDZ1kTZopOajdosu44oyZ2MEcUsFCwdFhHygE9w0o15m6qaNBXJ07TtldQBHuDBwg1mdkk/sKYYH3tbSb8ef4KYOwYxI6h2G4+x/INtuQqUcEAAAA=[0m[Pipeline] withEnv
[8mha:////4OzvYWRKkVvJJ/XUFbigWk3V0yVoPK3La6q6mqLbM4brAAAApR+LCAAAAAAAAP9tjTEOwjAUQ3+DOrAycoiUzoiJNerCCUITQtLo/zZJSSdOxNW4Ay2VmPBg2Zas93pDGQOcKBjuNHYWY2t570czJ54pdDdPmTu68pYwkte80bkhpc9rbShpWFUw2AjYamw9RYsmwU44+ZCVl2iqSwrzdhTArBrgCYWYyUmG9C1TgP19VJHwx/kLgKlPwOrDYvXyLD8BobDcwgAAAA==[0m[Pipeline] {
[8mha:////4MO1fPjfp6lSqupT2rrcnBGbb14Dt8Ulaa+7XA3p6CPoAAAAph+LCAAAAAAAAP9tjTEOwjAUQ3+LOrAycohUZUVMrFEWThCaEJJG/7dJSjpxIq7GHWipxIQHy7ZkvdcbqhjgRMEwp7GzGFvLej+aObFMobt5yszRlbWEkbxmQmdBSp/XKihpWFWUsOGw1dh6ihZNgh138iFrL9HUlxTm7cihtGqAJxR8JicZ0rdMAfb3UUXCH+cvAKY+Qdk0ix2WZ/UBbwyqm8IAAAA=[0m[Pipeline] withEnv
[8mha:////4BhIb3J4P2gk/g4aXWs+woBkRYqbDmvHF6KGSmjHruazAAAAph+LCAAAAAAAAP9tjTEOwjAUQ3+LOrAycohUwIiYukZZOEFoQkgb/V9+UtqJE3E17kBLJSY8WLYl673eUESGE7ETjcXWY6y96ELvpiQG4vYaaBANXURNGClYoeygyNhqqYqShUVZDisJa4t1oOjRJdjIRj90GTS68px42o4Scm/u8IRMTuSkOX3LyLC99SYS/jh/ATB2CfLdfrbD/Cw+y7kUycIAAAA=[0m[Pipeline] {
[8mha:////4LvXfjxSLZDiuXqBSMnvPN80cAeDps55r0z9pziZ7VpkAAAApx+LCAAAAAAAAP9tjTEOwjAUQ3+LOrAycohUCDbE1DXKwglCE0La6P/yk9JOnIircQdaKjHhwbItWe/1hiIynIidaCy2HmPtRRd6NyUxELfXQINo6CJqwkjBCmUHRcZWS1WULCzKclhJWFusA0WPLsFGNvqhy6DRlefE03aUkHtzhydkciInzelbRobtrTeR8Mf5C4CxS5Dv9rMd5mfxAbNWnxXCAAAA[0m[Pipeline] stage
[8mha:////4FsbGKXQ36l08lC6zR8p2q9t3uaqlGkM1gqeHMNt5XJpAAAApx+LCAAAAAAAAP9tjTEOwjAUQ3+LOrAycohUSDAhpq5RFk4QmhDSRv+Xn5R24kRcjTvQUokJD5ZtyXqvNxSR4UTsRGOx9RhrL7rQuymJgbi9BhpEQxdRE0YKVig7KDK2WqqiZGFRlsNKwtpiHSh6dAk2stEPXQaNrjwnnrajhNybOzwhkxM5aU7fMjJsb72JhD/OXwCMXYJ8t5/tMD+LD5WQ+PfCAAAA[0m[Pipeline] { (Build)
[8mha:////4Nz/9eSlOF/2Z76EYkPvsLrpkpohT8ePPVIOcZIguxkXAAAApB+LCAAAAAAAAP9tjTEOwjAQBC9BFLSUPOIiCmgQVVrLDS8wsTFOrDtjOyQVL+Jr/IFAJCq2WO1sM88XLFOEI0eLraHOUWocBt/baeHAsbt4HrDlMzZMib1BaQbJ2tQzSs4G5hQlLASsDDWekyObYS1adVeVV2SrU47TdxBQOn2DBxRiMmcV8xfGCJtrrxPTz/NXAGPIUG53n9qHN7LjSKW+AAAA[0m[Pipeline] git
Selected Git installation does not exist. Using Default
The recommended git tool is: NONE
No credentials specified
 > git rev-parse --resolve-git-dir /home/labuser/.jenkins/workspace/FinalProject/.git # timeout=10
Fetching changes from the remote Git repository
 > git config remote.origin.url https://github.com/Pradeepa-geek/spring-webapp.git # timeout=10
Fetching upstream changes from https://github.com/Pradeepa-geek/spring-webapp.git
 > git --version # timeout=10
 > git --version # 'git version 2.7.4'
 > git fetch --tags --progress https://github.com/Pradeepa-geek/spring-webapp.git +refs/heads/*:refs/remotes/origin/* # timeout=10
 > git rev-parse refs/remotes/origin/master^{commit} # timeout=10
Checking out Revision e70c31d3e3a123721d30ab2aba358c1207f8c80a (refs/remotes/origin/master)
 > git config core.sparsecheckout # timeout=10
 > git checkout -f e70c31d3e3a123721d30ab2aba358c1207f8c80a # timeout=10
 > git branch -a -v --no-abbrev # timeout=10
 > git branch -D master # timeout=10
 > git checkout -b master e70c31d3e3a123721d30ab2aba358c1207f8c80a # timeout=10
Commit message: "Update Jenkinsfile"
[8mha:////4FwNzwGql/n9ACjGYAnNWEFXBDbDMzFzs8VcJc2TJZgsAAAApR+LCAAAAAAAAP9tjTEOwjAQBC9BFLSUPOIiCkSBqNJabniBiY1xYt0Z2yGpeBFf4w8EIlGxxWpnm3m+YJkiHDlabA11jlLjMPjeTgsHjt3F84Atn7FhSuwNSjNI1qaeUXI2MKcoYSFgZajxnBzZDGvRqruqvCJbnXKcvoOA0ukbPKAQkzmrmL8wRthce52Yfp6/AhhDhnK7+9Q+vAHz0lO8vgAAAA==[0m[Pipeline] sh
+ mvn -Dmaven.test.failure.ignore=true clean package
WARNING: An illegal reflective access operation has occurred
WARNING: Illegal reflective access by com.google.inject.internal.cglib.core.$ReflectUtils$1 (file:/usr/share/maven/lib/guice.jar) to method java.lang.ClassLoader.defineClass(java.lang.String,byte[],int,int,java.security.ProtectionDomain)
WARNING: Please consider reporting this to the maintainers of com.google.inject.internal.cglib.core.$ReflectUtils$1
WARNING: Use --illegal-access=warn to enable warnings of further illegal reflective access operations
WARNING: All illegal access operations will be denied in a future release
[INFO] Scanning for projects...
[INFO]                                                                         
[INFO] ------------------------------------------------------------------------
[INFO] Building webapp 0.0.1-SNAPSHOT
[INFO] ------------------------------------------------------------------------
[INFO] 
[INFO] --- maven-clean-plugin:3.1.0:clean (default-clean) @ webapp ---
[INFO] Deleting /home/labuser/.jenkins/workspace/FinalProject/target
[INFO] 
[INFO] --- maven-resources-plugin:3.1.0:resources (default-resources) @ webapp ---
[INFO] Using 'UTF-8' encoding to copy filtered resources.
[INFO] Copying 1 resource
[INFO] Copying 0 resource
[INFO] 
[INFO] --- maven-compiler-plugin:3.8.1:compile (default-compile) @ webapp ---
[INFO] Changes detected - recompiling the module!
[INFO] Compiling 6 source files to /home/labuser/.jenkins/workspace/FinalProject/target/classes
[INFO] 
[INFO] --- maven-resources-plugin:3.1.0:testResources (default-testResources) @ webapp ---
[INFO] Using 'UTF-8' encoding to copy filtered resources.
[INFO] skip non existing resourceDirectory /home/labuser/.jenkins/workspace/FinalProject/src/test/resources
[INFO] 
[INFO] --- maven-compiler-plugin:3.8.1:testCompile (default-testCompile) @ webapp ---
[INFO] Changes detected - recompiling the module!
[INFO] Compiling 1 source file to /home/labuser/.jenkins/workspace/FinalProject/target/test-classes
[INFO] 
[INFO] --- maven-surefire-plugin:2.22.2:test (default-test) @ webapp ---
[INFO] 
[INFO] -------------------------------------------------------
[INFO]  T E S T S
[INFO] -------------------------------------------------------
[INFO] Running com.awstechguide.webapp.WebappApplicationTests
06:24:47.923 [main] DEBUG org.springframework.test.context.BootstrapUtils - Instantiating CacheAwareContextLoaderDelegate from class [org.springframework.test.context.cache.DefaultCacheAwareContextLoaderDelegate]
06:24:47.935 [main] DEBUG org.springframework.test.context.BootstrapUtils - Instantiating BootstrapContext using constructor [public org.springframework.test.context.support.DefaultBootstrapContext(java.lang.Class,org.springframework.test.context.CacheAwareContextLoaderDelegate)]
06:24:47.986 [main] DEBUG org.springframework.test.context.BootstrapUtils - Instantiating TestContextBootstrapper for test class [com.awstechguide.webapp.WebappApplicationTests] from class [org.springframework.boot.test.context.SpringBootTestContextBootstrapper]
06:24:48.016 [main] INFO org.springframework.boot.test.context.SpringBootTestContextBootstrapper - Neither @ContextConfiguration nor @ContextHierarchy found for test class [com.awstechguide.webapp.WebappApplicationTests], using SpringBootContextLoader
06:24:48.020 [main] DEBUG org.springframework.test.context.support.AbstractContextLoader - Did not detect default resource location for test class [com.awstechguide.webapp.WebappApplicationTests]: class path resource [com/awstechguide/webapp/WebappApplicationTests-context.xml] does not exist
06:24:48.022 [main] DEBUG org.springframework.test.context.support.AbstractContextLoader - Did not detect default resource location for test class [com.awstechguide.webapp.WebappApplicationTests]: class path resource [com/awstechguide/webapp/WebappApplicationTestsContext.groovy] does not exist
06:24:48.023 [main] INFO org.springframework.test.context.support.AbstractContextLoader - Could not detect default resource locations for test class [com.awstechguide.webapp.WebappApplicationTests]: no resource found for suffixes {-context.xml, Context.groovy}.
06:24:48.023 [main] INFO org.springframework.test.context.support.AnnotationConfigContextLoaderUtils - Could not detect default configuration classes for test class [com.awstechguide.webapp.WebappApplicationTests]: WebappApplicationTests does not declare any static, non-private, non-final, nested classes annotated with @Configuration.
06:24:48.067 [main] DEBUG org.springframework.test.context.support.ActiveProfilesUtils - Could not find an 'annotation declaring class' for annotation type [org.springframework.test.context.ActiveProfiles] and class [com.awstechguide.webapp.WebappApplicationTests]
06:24:48.161 [main] DEBUG org.springframework.context.annotation.ClassPathScanningCandidateComponentProvider - Identified candidate component class: file [/home/labuser/.jenkins/workspace/FinalProject/target/classes/com/awstechguide/webapp/WebappApplication.class]
06:24:48.162 [main] INFO org.springframework.boot.test.context.SpringBootTestContextBootstrapper - Found @SpringBootConfiguration com.awstechguide.webapp.WebappApplication for test class com.awstechguide.webapp.WebappApplicationTests
06:24:48.266 [main] DEBUG org.springframework.boot.test.context.SpringBootTestContextBootstrapper - @TestExecutionListeners is not present for class [com.awstechguide.webapp.WebappApplicationTests]: using defaults.
06:24:48.266 [main] INFO org.springframework.boot.test.context.SpringBootTestContextBootstrapper - Loaded default TestExecutionListener class names from location [META-INF/spring.factories]: [org.springframework.boot.test.mock.mockito.MockitoTestExecutionListener, org.springframework.boot.test.mock.mockito.ResetMocksTestExecutionListener, org.springframework.boot.test.autoconfigure.restdocs.RestDocsTestExecutionListener, org.springframework.boot.test.autoconfigure.web.client.MockRestServiceServerResetTestExecutionListener, org.springframework.boot.test.autoconfigure.web.servlet.MockMvcPrintOnlyOnFailureTestExecutionListener, org.springframework.boot.test.autoconfigure.web.servlet.WebDriverTestExecutionListener, org.springframework.test.context.web.ServletTestExecutionListener, org.springframework.test.context.support.DirtiesContextBeforeModesTestExecutionListener, org.springframework.test.context.support.DependencyInjectionTestExecutionListener, org.springframework.test.context.support.DirtiesContextTestExecutionListener, org.springframework.test.context.transaction.TransactionalTestExecutionListener, org.springframework.test.context.jdbc.SqlScriptsTestExecutionListener, org.springframework.test.context.event.EventPublishingTestExecutionListener]
06:24:48.274 [main] DEBUG org.springframework.boot.test.context.SpringBootTestContextBootstrapper - Skipping candidate TestExecutionListener [org.springframework.test.context.transaction.TransactionalTestExecutionListener] due to a missing dependency. Specify custom listener classes or make the default listener classes and their required dependencies available. Offending class: [org/springframework/transaction/interceptor/TransactionAttributeSource]
06:24:48.274 [main] DEBUG org.springframework.boot.test.context.SpringBootTestContextBootstrapper - Skipping candidate TestExecutionListener [org.springframework.test.context.jdbc.SqlScriptsTestExecutionListener] due to a missing dependency. Specify custom listener classes or make the default listener classes and their required dependencies available. Offending class: [org/springframework/transaction/interceptor/TransactionAttribute]
06:24:48.274 [main] INFO org.springframework.boot.test.context.SpringBootTestContextBootstrapper - Using TestExecutionListeners: [org.springframework.test.context.web.ServletTestExecutionListener@420a85c4, org.springframework.test.context.support.DirtiesContextBeforeModesTestExecutionListener@1c39680d, org.springframework.boot.test.mock.mockito.MockitoTestExecutionListener@62833051, org.springframework.boot.test.autoconfigure.SpringBootDependencyInjectionTestExecutionListener@1c852c0f, org.springframework.test.context.support.DirtiesContextTestExecutionListener@a37aefe, org.springframework.test.context.event.EventPublishingTestExecutionListener@5d99c6b5, org.springframework.boot.test.mock.mockito.ResetMocksTestExecutionListener@266374ef, org.springframework.boot.test.autoconfigure.restdocs.RestDocsTestExecutionListener@13b3d178, org.springframework.boot.test.autoconfigure.web.client.MockRestServiceServerResetTestExecutionListener@24c4ddae, org.springframework.boot.test.autoconfigure.web.servlet.MockMvcPrintOnlyOnFailureTestExecutionListener@37fb0bed, org.springframework.boot.test.autoconfigure.web.servlet.WebDriverTestExecutionListener@a82c5f1]
06:24:48.278 [main] DEBUG org.springframework.test.context.support.AbstractDirtiesContextTestExecutionListener - Before test class: context [DefaultTestContext@29a5f4e7 testClass = WebappApplicationTests, testInstance = [null], testMethod = [null], testException = [null], mergedContextConfiguration = [WebMergedContextConfiguration@79c97cb testClass = WebappApplicationTests, locations = '{}', classes = '{class com.awstechguide.webapp.WebappApplication}', contextInitializerClasses = '[]', activeProfiles = '{}', propertySourceLocations = '{}', propertySourceProperties = '{org.springframework.boot.test.context.SpringBootTestContextBootstrapper=true}', contextCustomizers = set[org.springframework.boot.test.context.filter.ExcludeFilterContextCustomizer@1ebd319f, org.springframework.boot.test.json.DuplicateJsonObjectContextCustomizerFactory$DuplicateJsonObjectContextCustomizer@7a675056, org.springframework.boot.test.mock.mockito.MockitoContextCustomizer@0, org.springframework.boot.test.web.client.TestRestTemplateContextCustomizer@fa36558, org.springframework.boot.test.autoconfigure.properties.PropertyMappingContextCustomizer@0, org.springframework.boot.test.autoconfigure.web.servlet.WebDriverContextCustomizerFactory$Customizer@5552768b], resourceBasePath = 'src/main/webapp', contextLoader = 'org.springframework.boot.test.context.SpringBootContextLoader', parent = [null]], attributes = map['org.springframework.test.context.web.ServletTestExecutionListener.activateListener' -> true]], class annotated with @DirtiesContext [false] with mode [null].
06:24:48.305 [main] DEBUG org.springframework.test.context.support.TestPropertySourceUtils - Adding inlined properties to environment: {spring.jmx.enabled=false, org.springframework.boot.test.context.SpringBootTestContextBootstrapper=true, server.port=-1}

  .   ____          _            __ _ _
 /\\ / ___'_ __ _ _(_)_ __  __ _ \ \ \ \
( ( )\___ | '_ | '_| | '_ \/ _` | \ \ \ \
 \\/  ___)| |_)| | | | | || (_| |  ) ) ) )
  '  |____| .__|_| |_|_| |_\__, | / / / /
 =========|_|==============|___/=/_/_/_/
 :: Spring Boot ::        (v2.2.6.RELEASE)

2021-07-13 06:24:48.871  INFO 10659 --- [           main] c.a.webapp.WebappApplicationTests        : Starting WebappApplicationTests on ubu with PID 10659 (started by labuser in /home/labuser/.jenkins/workspace/FinalProject)
2021-07-13 06:24:48.873  INFO 10659 --- [           main] c.a.webapp.WebappApplicationTests        : No active profile set, falling back to default profiles: default
2021-07-13 06:24:50.411  INFO 10659 --- [           main] o.s.s.concurrent.ThreadPoolTaskExecutor  : Initializing ExecutorService 'applicationTaskExecutor'
2021-07-13 06:24:50.487  INFO 10659 --- [           main] o.s.b.a.w.s.WelcomePageHandlerMapping    : Adding welcome page template: index
2021-07-13 06:24:50.654  INFO 10659 --- [           main] c.a.webapp.WebappApplicationTests        : Started WebappApplicationTests in 2.34 seconds (JVM running for 3.531)
[INFO] Tests run: 1, Failures: 0, Errors: 0, Skipped: 0, Time elapsed: 3.363 s - in com.awstechguide.webapp.WebappApplicationTests
2021-07-13 06:24:51.184  INFO 10659 --- [extShutdownHook] o.s.s.concurrent.ThreadPoolTaskExecutor  : Shutting down ExecutorService 'applicationTaskExecutor'
[INFO] 
[INFO] Results:
[INFO] 
[INFO] Tests run: 1, Failures: 0, Errors: 0, Skipped: 0
[INFO] 
[INFO] 
[INFO] --- maven-war-plugin:3.2.3:war (default-war) @ webapp ---
[INFO] Packaging webapp
[INFO] Assembling webapp [webapp] in [/home/labuser/.jenkins/workspace/FinalProject/target/webapptest]
[INFO] Processing war project
[INFO] Copying webapp resources [/home/labuser/.jenkins/workspace/FinalProject/src/main/webapp]
[INFO] Webapp assembled in [89 msecs]
[INFO] Building war: /home/labuser/.jenkins/workspace/FinalProject/target/webapptest.war
[INFO] 
[INFO] --- spring-boot-maven-plugin:2.2.6.RELEASE:repackage (repackage) @ webapp ---
[INFO] Replacing main artifact with repackaged archive
[INFO] ------------------------------------------------------------------------
[INFO] BUILD SUCCESS
[INFO] ------------------------------------------------------------------------
[INFO] Total time: 11.002 s
[INFO] Finished at: 2021-07-13T06:24:53+00:00
[INFO] Final Memory: 31M/110M
[INFO] ------------------------------------------------------------------------
Post stage
[8mha:////4M1U7Qb6mBvv/U1ohXXtCqK/N+5A9PMQi0ozY8omVaqnAAAApR+LCAAAAAAAAP9tjTEOwjAQBC9BFLSUPOIiCiQkRJXWcsMLTGyME+vO2A5JxYv4Gn8gEImKLVY728zzBcsU4cjRYmuoc5Qah8H3dlo4cOwungds+YwNU2JvUJpBsjb1jJKzgTlFCQsBK0ON5+TIZliLVt1V5RXZ6pTj9B0ElE7f4AGFmMxZxfyFMcLm2uvE9PP8FcAYMpTb3af24Q08zss7vgAAAA==[0m[Pipeline] emailext
Sending email to: pradi.csp@gmail.com
[8mha:////4I47BnmH01jxDtFI5vR2YeLd4YPRlI1LdAGr9PJDLxEBAAAApR+LCAAAAAAAAP9tjTEOwjAQBC9BFLSUPOIiCgqEqNJabniBiY1xYt0Z2yGpeBFf4w8EIlGxxWpnm3m+YJkiHDlabA11jlLjMPjeTgsHjt3F84Atn7FhSuwNSjNI1qaeUXI2MKcoYSFgZajxnBzZDGvRqruqvCJbnXKcvoOA0ukbPKAQkzmrmL8wRthce52Yfp6/AhhDhnK7+9Q+vAF9/9AivgAAAA==[0m[Pipeline] junit
Recording test results
[Checks API] No suitable checks publisher found.
[8mha:////4EM/xgQIX1xP46vS5XUdD2UBv3lTJ4HuxmkmReq/OkmcAAAApR+LCAAAAAAAAP9tjTEOwjAQBC9BFLSUPOICSFQoFa3lhheYxBgn1l2wHZyKF/E1/oBFJCq2WO1sM683LIOHmr3BTlNvKTQWBzeavDCx76+OE3Z8wYYpsNModZLc6tOMkqOGOUUJCwErTY3jYMlEWItOPVTlFJnqHH3+jgJK297hCYXI5qh8/MLkYXMb28D08/wVwDREKHeHXPvt8AFt+lTxvgAAAA==[0m[Pipeline] archiveArtifacts
Archiving artifacts
[8mha:////4A3AnyDiK9I4GaTGBd6B9WUvqDbX2XSWW/lHgAqIlyU1AAAApR+LCAAAAAAAAP9tjTEOwjAQBC9BFLSUPOKiIFEhqrRWGl5gYmOcWHfGdkgqXsTX+AMWkajYYrWzzbzesI4BThwM9poGS7Gz6N1o8sKJw3B1PGHPF+yYIjuNrZ5aVrpZsOWkYUlRwkrARlPnOFoyCbailw9ZOUmmOqeQv6OA0qo7PKEQ2ZxkSF+YA+xuo4pMP89fAczeJyj3da768AEOmjScvgAAAA==[0m[Pipeline] }
[8mha:////4CwOeNzybIqwN7tUwRRFsyAZxDGyUHAf54Djf4zpEelBAAAApB+LCAAAAAAAAP9tjTEOwjAQBC9BFLSUPMIRER2iSmul4QUmPowT687YDknFi/gaf8AiEhVbrHa2mdcb1jHAiYMRPdJgKXZWeDeavMTEYbg6nkTPF9ExRXYoWpxa1tgs2HJCWFKUsJKwQeocR0smwVb26qEqp8hU5xTyd5RQWn2HJxQym5MK6QtzgN1t1JHp5/krgNn7BGVd59ofPjbYp22+AAAA[0m[Pipeline] // stage
[8mha:////4FJik68tDAggMtsXnITExKyDbJV/LcVec/AOotHkYZlgAAAApx+LCAAAAAAAAP9tjTEOwjAUQ3+LOrAycohU0BExdY2ycIKQhJA2+r8kKe3EibgadyBQiQkPlm3Jes8XVDHAkYJlncHeYVSODX60ObGJQn/xNLGOzkwRRvKGCTMJ0qZdqqBkYFFRworD2qDyFB3aBBveybusvURbn1LI24FD6fQNHlDwTE4ypG+ZA2yvo46EP85fAMxDgnLXZNs3n2f1BpZ8cjnCAAAA[0m[Pipeline] stage
[8mha:////4BYqE1pxFLSS6GfozPd5sUpNG2pZVRO574hTu9hd/ZTJAAAApx+LCAAAAAAAAP9tjTEOwjAUQ3+LOrAycohUAjbE1DXKwglCE0La6P/yk9JOnIircQdaKjHhwbItWe/1hiIynIidaCy2HmPtRRd6NyUxELfXQINo6CJqwkjBCmUHRcZWS1WULCzKclhJWFusA0WPLsFGNvqhy6DRlefE03aUkHtzhydkciInzelbRobtrTeR8Mf5C4CxS5Dv9rMd5mfxAd6e6VPCAAAA[0m[Pipeline] { (SonaqrQube Analysis)
[8mha:////4Eu1+EON889RYSyWEts+3YpqedbUoJcu99SNTD+hloY5AAAApx+LCAAAAAAAAP9tjTEOwjAUQ3+LOrAycohUQjAhpq5RFk4QmhDSRv+Xn5R24kRcjTvQUokJD5ZtyXqvNxSR4UTsRGOx9RhrL7rQuymJgbi9BhpEQxdRE0YKVig7KDK2WqqiZGFRlsNKwtpiHSh6dAk2stEPXQaNrjwnnrajhNybOzwhkxM5aU7fMjJsb72JhD/OXwCMXYJ8t5/tMD+LD/hYjrHCAAAA[0m[Pipeline] withSonarQubeEnv
Injecting SonarQube environment variables using the configuration: sonarscanner
[8mha:////4Jb/1Lc+yWZut+BY4QEu+JVFD6Clv6YHQ1vR93JBNDtBAAAAqB+LCAAAAAAAAP9tjTEOwjAUQ3+LOrAycohUQoIFMXWNsnCC0ISQNvq//KS0EyfiatyBlkpMeLBsS9Z7vaGIDCdiJxqLrcdYe9GF3k1JDMTtNdAgGrqImjBSsELZQZGx1VIVJQuLshxWEtYW60DRo0uwkY1+6DJodOU58bQdJeTe3OEJmZzISXP6lpFhe+tNJPxx/gJg7BLku/1sh/lZfACW9ZT2wgAAAA==[0m[Pipeline] {
[8mha:////4EWtaV6JMER2kufcUtXr4Gh1yFoXBEYlxBlH6CXcqaeLAAAApR+LCAAAAAAAAP9tjTEOwjAQBC9BFLSUPOIiUUCBqNJabniBiY1xYt0Z2yGpeBFf4w8EIlGxxWpnm3m+YJkiHDlabA11jlLjMPjeTgsHjt3F84Atn7FhSuwNSjNI1qaeUXI2MKcoYSFgZajxnBzZDGvRqruqvCJbnXKcvoOA0ukbPKAQkzmrmL8wRthce52Yfp6/AhhDhnK7+9Q+vAHUcXIBvgAAAA==[0m[Pipeline] sh
+ mvn sonar:sonar
WARNING: An illegal reflective access operation has occurred
WARNING: Illegal reflective access by com.google.inject.internal.cglib.core.$ReflectUtils$1 (file:/usr/share/maven/lib/guice.jar) to method java.lang.ClassLoader.defineClass(java.lang.String,byte[],int,int,java.security.ProtectionDomain)
WARNING: Please consider reporting this to the maintainers of com.google.inject.internal.cglib.core.$ReflectUtils$1
WARNING: Use --illegal-access=warn to enable warnings of further illegal reflective access operations
WARNING: All illegal access operations will be denied in a future release
[INFO] Scanning for projects...
[INFO]                                                                         
[INFO] ------------------------------------------------------------------------
[INFO] Building webapp 0.0.1-SNAPSHOT
[INFO] ------------------------------------------------------------------------
[INFO] 
[INFO] --- sonar-maven-plugin:3.9.0.2155:sonar (default-cli) @ webapp ---
[INFO] User cache: /home/labuser/.sonar/cache
[INFO] SonarQube version: 9.0.0
[INFO] Default locale: "en_US", source code encoding: "UTF-8"
[INFO] Load global settings
[INFO] Load global settings (done) | time=126ms
[INFO] Server id: BF41A1F2-AXqeMU9LufPhA1ascHhO
[INFO] User cache: /home/labuser/.sonar/cache
[INFO] Load/download plugins
[INFO] Load plugins index
[INFO] Load plugins index (done) | time=92ms
[INFO] Load/download plugins (done) | time=236ms
[INFO] Process project properties
[INFO] Process project properties (done) | time=25ms
[INFO] Execute project builders
[INFO] Execute project builders (done) | time=1ms
[INFO] Project key: com.awstechguide:webapp
[INFO] Base dir: /home/labuser/.jenkins/workspace/FinalProject
[INFO] Working dir: /home/labuser/.jenkins/workspace/FinalProject/target/sonar
[INFO] Load project settings for component key: 'com.awstechguide:webapp'
[INFO] Load project settings for component key: 'com.awstechguide:webapp' (done) | time=16ms
[INFO] Auto-configuring with CI 'Jenkins'
[INFO] Load quality profiles
[INFO] Load quality profiles (done) | time=50ms
[INFO] Auto-configuring with CI 'Jenkins'
[INFO] Load active rules
[INFO] Load active rules (done) | time=2685ms
[INFO] Indexing files...
[INFO] Project configuration:
[INFO] 10 files indexed
[INFO] 0 files ignored because of scm ignore settings
[INFO] Quality profile for java: Sonar way
[INFO] Quality profile for jsp: Sonar way
[INFO] Quality profile for xml: Sonar way
[INFO] ------------- Run sensors on module webapp
[INFO] Load metrics repository
[INFO] Load metrics repository (done) | time=35ms
[INFO] Sensor JavaSensor [java]
[INFO] Configured Java source version (sonar.java.source): 8
[INFO] JavaClasspath initialization
[INFO] JavaClasspath initialization (done) | time=55ms
[INFO] JavaTestClasspath initialization
[INFO] JavaTestClasspath initialization (done) | time=1ms
[INFO] Java "Main" source files AST scan
[INFO] 6 source files to be analyzed
[INFO] Load project repositories
[INFO] Load project repositories (done) | time=28ms
[INFO] 6/6 source files have been analyzed
[INFO] Java "Main" source files AST scan (done) | time=2017ms
[INFO] Java "Test" source files AST scan
[INFO] 1 source file to be analyzed
[INFO] 1/1 source file has been analyzed
[INFO] Java "Test" source files AST scan (done) | time=98ms
[INFO] No "Generated" source files to scan.
[INFO] Sensor JavaSensor [java] (done) | time=2542ms
[INFO] Sensor CSS Rules [cssfamily]
[INFO] No CSS, PHP, HTML or VueJS files are found in the project. CSS analysis is skipped.
[INFO] Sensor CSS Rules [cssfamily] (done) | time=2ms
[INFO] Sensor JaCoCo XML Report Importer [jacoco]
[INFO] 'sonar.coverage.jacoco.xmlReportPaths' is not defined. Using default locations: target/site/jacoco/jacoco.xml,target/site/jacoco-it/jacoco.xml,build/reports/jacoco/test/jacocoTestReport.xml
[INFO] No report imported, no coverage information will be imported by JaCoCo XML Report Importer
[INFO] Sensor JaCoCo XML Report Importer [jacoco] (done) | time=1341ms
[INFO] Sensor C# Project Type Information [csharp]
[INFO] Sensor C# Project Type Information [csharp] (done) | time=1ms
[INFO] Sensor C# Properties [csharp]
[INFO] Sensor C# Properties [csharp] (done) | time=1ms
[INFO] Sensor SurefireSensor [java]
[INFO] parsing [/home/labuser/.jenkins/workspace/FinalProject/target/surefire-reports]
[INFO] Sensor SurefireSensor [java] (done) | time=230ms
[INFO] Sensor JavaXmlSensor [java]
[INFO] 1 source file to be analyzed
[INFO] 1/1 source file has been analyzed
[INFO] Sensor JavaXmlSensor [java] (done) | time=172ms
[INFO] Sensor HTML [web]
[INFO] Sensor HTML [web] (done) | time=99ms
[INFO] Sensor XML Sensor [xml]
[INFO] 1 source file to be analyzed
[INFO] 1/1 source file has been analyzed
[INFO] Sensor XML Sensor [xml] (done) | time=196ms
[INFO] Sensor VB.NET Project Type Information [vbnet]
[INFO] Sensor VB.NET Project Type Information [vbnet] (done) | time=0ms
[INFO] Sensor VB.NET Properties [vbnet]
[INFO] Sensor VB.NET Properties [vbnet] (done) | time=1ms
[INFO] ------------- Run sensors on project
[INFO] Sensor Zero Coverage Sensor
[INFO] Sensor Zero Coverage Sensor (done) | time=8ms
[INFO] Sensor Java CPD Block Indexer
[INFO] Sensor Java CPD Block Indexer (done) | time=25ms
[INFO] CPD Executor 4 files had no CPD blocks
[INFO] CPD Executor Calculating CPD for 4 files
[INFO] CPD Executor CPD calculation finished (done) | time=31ms
[INFO] Analysis report generated in 96ms, dir size=120.2 kB
[INFO] Analysis report compressed in 38ms, zip size=30.7 kB
[INFO] Analysis report uploaded in 62ms
[INFO] ANALYSIS SUCCESSFUL, you can browse http://localhost:9000/dashboard?id=com.awstechguide%3Awebapp
[INFO] Note that you will be able to access the updated dashboard once the server has processed the submitted analysis report
[INFO] More about the report processing at http://localhost:9000/api/ce/task?id=AXqeimqUufPhA1ascMXw
[INFO] Analysis total time: 10.322 s
[INFO] ------------------------------------------------------------------------
[INFO] BUILD SUCCESS
[INFO] ------------------------------------------------------------------------
[INFO] Total time: 13.466 s
[INFO] Finished at: 2021-07-13T06:25:09+00:00
[INFO] Final Memory: 40M/144M
[INFO] ------------------------------------------------------------------------
[8mha:////4H2gvDb2uIVP4+vq8HUzp9rVcFzoZCQdcAkMdzlXZWumAAAApR+LCAAAAAAAAP9tjTEOwjAQBC9BFLSUPOIiUSAkRJXWcsMLTGyME+vO2A5JxYv4Gn8gEImKLVY728zzBcsU4cjRYmuoc5Qah8H3dlo4cOwungds+YwNU2JvUJpBsjb1jJKzgTlFCQsBK0ON5+TIZliLVt1V5RXZ6pTj9B0ElE7f4AGFmMxZxfyFMcLm2uvE9PP8FcAYQoZyu//U7g2/yR8JvgAAAA==[0m[Pipeline] }
[8mha:////4DHfABLEIzo+w1sVZk4GZhiSoSyPwl84yfo0lb9siibkAAAApR+LCAAAAAAAAP9tjTEOwjAQBC9BFLSUPOIiIVEgRJXWcsMLTGyME+vO2A5JxYv4Gn8gEImKLVY728zzBcsU4cjRYmuoc5Qah8H3dlo4cOwungds+YwNU2JvUJpBsjb1jJKzgTlFCQsBK0ON5+TIZliLVt1V5RXZ6pTj9B0ElE7f4AGFmMxZxfyFMcLm2uvE9PP8FcAYQoZyu//U7g2gS0pbvgAAAA==[0m[Pipeline] // withSonarQubeEnv
Post stage
[8mha:////4Cxqfz68JVBc/71xoO9naC5NRjdnzEOJKFN8rwmLdR8OAAAApx+LCAAAAAAAAP9tjTEOwjAUQ3+LOrAycogUARvqxBp14QShCSFp9H9JUtKJE3E17kCgEhMeLNuS9Z4vqIKHhrxmVmFvMHSGDW7UObFEvr84SszSmXWEgZxirUotSXWca0tRwayihAWHpcLOUTCoI6y4FXdRO4G6PkWftwOH0sgbPKDgmRyFj98yeVhfRxkIf5y/AJiGCOV2n223+TyrN//CNEfCAAAA[0m[Pipeline] script
[8mha:////4NzXNAdK3rLf/HNvAIMFglfQDXihvVAJcg0s8MxFRIcRAAAAph+LCAAAAAAAAP9tjTEOwjAUQ3+LOrAycogUxIiYukZZOEFoQkgb/V9+UtqJE3E17kBLJSY8WLYl673eUESGE7ETjcXWY6y96ELvpiQG4vYaaBANXURNGClYoeygyNhqqYqShUVZDisJa4t1oOjRJdjIRj90GTS68px42o4Scm/u8IRMTuSkOX3LyLC99SYS/jh/ATB2CfLDbrb9/Cw+ty4Up8IAAAA=[0m[Pipeline] {
[8mha:////4Npwgxs6PaTDkERZOzMMfLKbqDF/PLVPRvutV43jLAs6AAAAph+LCAAAAAAAAP9tjTEOwjAUQ3+LOrAycohUwIiYukZZOEFoQkgb/V9+UtqJE3E17kBLJSY8WLYl673eUESGE7ETjcXWY6y96ELvpiQG4vYaaBANXURNGClYoeygyNhqqYqShUVZDisJa4t1oOjRJdjIRj90GTS68px42o4Scm/u8IRMTuSkOX3LyLC99SYS/jh/ATB2CfLDbrb9/Cw+2YMO4MIAAAA=[0m[Pipeline] timeout
Timeout set to expire in 1 hr 0 min
[8mha:////4ERGHHp23VjgiUByg1qMElj9ciupyp2/iKW7/x7O8YaLAAAAph+LCAAAAAAAAP9tjTEOwjAUQ3+DOrAycohUoiNiYo26cILQhJA0+r9NUtKJE3E17kBLJSY8WLYl673eUMYAJwqGO42dxdha3vvRzIlnCt3NU+aOrrwljOQ1b3RuSOnzWhtKGlYVDDYCthpbT9GiSbATTj5k5SWa6pLCvB0FMKsGeEIhZnKSIX3LFGB/H1Uk/HH+AmDqE7D6sFi9PMsPfTawssIAAAA=[0m[Pipeline] {
[8mha:////4Ob4gs/HIKLGaH824xyZYnq3D1MN16z93EYH8Pzmm7tTAAAAox+LCAAAAAAAAP9tjTESwiAURH/iWNhaeghSxM6xsmVoPAEmiBDmfwJEUnkir+YdRDNj5RY7+7Z5zxesY4AjBc2swsFg7AzzbtJlsUxhuDrKzNKFdYSRnGJCZUG9Oi0oKClYUtWw4rBR2DmKBnWCLbfyLhsnUTfnFMp34FCbfoQHVLyYkwzpC3OA3W3qI+HP81cAs09Qt+2n9v4NGWcPtb4AAAA=[0m[Pipeline] waitForQualityGate
Checking status of SonarQube task 'AXqeimqUufPhA1ascMXw' on server 'sonarscanner'
SonarQube task 'AXqeimqUufPhA1ascMXw' status is 'IN_PROGRESS'
SonarQube task 'AXqeimqUufPhA1ascMXw' status is 'SUCCESS'
SonarQube task 'AXqeimqUufPhA1ascMXw' completed. Quality gate is 'ERROR'
[8mha:////4LB4S/EIN0LvKHR/PAx/emR0haASgGLsfOISt9RvorgWAAAAox+LCAAAAAAAAP9tjTESwiAURH/iWNhaeghSZKwcK1uGxhNggghh/idAJJUn8mreQTQzVm6xs2+b93zBOgY4UtDMKhwMxs4w7yZdFssUhqujzCxdWEcYySkmVBbUq9OCgpKCJVUNKw4bhZ2jaFAn2HIr77JxEnVzTqF8Bw616Ud4QMWLOcmQvjAH2N2mPhL+PH8FMPsEddt+au/fWFYUrL4AAAA=[0m[Pipeline] error
[8mha:////4AjcKna6PD93cQywz8hZ9yiIzZ0jNiYGLH7yK3xgpshtAAAApB+LCAAAAAAAAP9tjTESwiAURH/iWNhaeghSZMbGsbJlaDwBJogQ5n8CRFJ5Iq/mHUQzY+UWO/u2ec8XrGOAIwXNrMLBYOwM827SZbFMYbg6yszShXWEkZxiQmVBvTotKCgpWFLVsOKwUdg5igZ1gi238i4bJ1E35xTKd+BQm36EB1S8mJMM6QtzgN1t6iPhz/NXALP3Cep2/6n2DbVmE/y+AAAA[0m[Pipeline] }
[8mha:////4Fs76KrZVjqwZUgnNe1pkihsHshJYsuPriccNIGKfyU4AAAApR+LCAAAAAAAAP9tjTEOwjAQBC9BFLSUPOIiQUGBqNJabniBiY1xYt0Z2yGpeBFf4w8EIlGxxWpnm3m+YJkiHDlabA11jlLjMPjeTgsHjt3F84Atn7FhSuwNSjNI1qaeUXI2MKcoYSFgZajxnBzZDGvRqruqvCJbnXKcvoOA0ukbPKAQkzmrmL8wRthce52Yfp6/AhhDyFDu9p/avgGGhUhAvgAAAA==[0m[Pipeline] // timeout
[8mha:////4K1Dz1Qe4eXBgEFTmKiyPSM0VF7oq+jJ7/hWBbUPusWrAAAApR+LCAAAAAAAAP9tjTEOwjAQBC9BFLSUPOIiRIOEqNJabniBiY1xYt0Z2yGpeBFf4w8EIlGxxWpnm3m+YJkiHDlabA11jlLjMPjeTgsHjt3F84Atn7FhSuwNSjNI1qaeUXI2MKcoYSFgZajxnBzZDGvRqruqvCJbnXKcvoOA0ukbPKAQkzmrmL8wRthce52Yfp6/AhhDyFDu9p/avgHpZhcovgAAAA==[0m[Pipeline] }
[8mha:////4HMH+vl5/dk/iLUErSUJCSWZZnSuLeDUfEByS/ulFSfZAAAApB+LCAAAAAAAAP9tjTEOwjAQBC9BFLSUPOKCRIUQVVrLDS8wsTFOrDtjOyQVL+Jr/IFAJCq2WO1sM88XLFOEI0eLraHOUWocBt/baeHAsbt4HrDlMzZMib1BaQbJ2tQzSs4G5hQlLASsDDWekyObYS1adVeVV2SrU47TdxBQOn2DBxRiMmcV8xfGCJtrrxPTz/NXAGMIGcrd/lPbN9qFTJS+AAAA[0m[Pipeline] // script
Error when executing always post condition:
hudson.AbortException: Pipeline aborted due to quality gate failure: ERROR
	at org.jenkinsci.plugins.workflow.steps.ErrorStep$Execution.run(ErrorStep.java:63)
	at org.jenkinsci.plugins.workflow.steps.ErrorStep$Execution.run(ErrorStep.java:50)
	at org.jenkinsci.plugins.workflow.steps.SynchronousStepExecution.start(SynchronousStepExecution.java:38)
	at org.jenkinsci.plugins.workflow.cps.DSL.invokeStep(DSL.java:319)
	at org.jenkinsci.plugins.workflow.cps.DSL.invokeMethod(DSL.java:193)
	at org.jenkinsci.plugins.workflow.cps.CpsScript.invokeMethod(CpsScript.java:122)
	at jdk.internal.reflect.GeneratedMethodAccessor463.invoke(Unknown Source)
	at java.base/jdk.internal.reflect.DelegatingMethodAccessorImpl.invoke(DelegatingMethodAccessorImpl.java:43)
	at java.base/java.lang.reflect.Method.invoke(Method.java:566)
	at org.codehaus.groovy.reflection.CachedMethod.invoke(CachedMethod.java:93)
	at groovy.lang.MetaMethod.doMethodInvoke(MetaMethod.java:325)
	at groovy.lang.MetaClassImpl.invokeMethod(MetaClassImpl.java:1213)
	at groovy.lang.MetaClassImpl.invokeMethod(MetaClassImpl.java:1022)
	at org.codehaus.groovy.runtime.callsite.PogoMetaClassSite.call(PogoMetaClassSite.java:42)
	at org.codehaus.groovy.runtime.callsite.CallSiteArray.defaultCall(CallSiteArray.java:48)
	at org.codehaus.groovy.runtime.callsite.AbstractCallSite.call(AbstractCallSite.java:113)
	at org.kohsuke.groovy.sandbox.impl.Checker$1.call(Checker.java:163)
	at org.kohsuke.groovy.sandbox.GroovyInterceptor.onMethodCall(GroovyInterceptor.java:23)
	at org.jenkinsci.plugins.scriptsecurity.sandbox.groovy.SandboxInterceptor.onMethodCall(SandboxInterceptor.java:158)
	at org.kohsuke.groovy.sandbox.impl.Checker$1.call(Checker.java:161)
	at org.kohsuke.groovy.sandbox.impl.Checker.checkedCall(Checker.java:165)
	at org.kohsuke.groovy.sandbox.impl.Checker.checkedCall(Checker.java:135)
	at org.kohsuke.groovy.sandbox.impl.Checker.checkedCall(Checker.java:135)
	at org.kohsuke.groovy.sandbox.impl.Checker.checkedCall(Checker.java:135)
	at com.cloudbees.groovy.cps.sandbox.SandboxInvoker.methodCall(SandboxInvoker.java:17)
	at WorkflowScript.run(WorkflowScript:57)
	at ___cps.transform___(Native Method)
	at com.cloudbees.groovy.cps.impl.ContinuationGroup.methodCall(ContinuationGroup.java:86)
	at com.cloudbees.groovy.cps.impl.FunctionCallBlock$ContinuationImpl.dispatchOrArg(FunctionCallBlock.java:113)
	at com.cloudbees.groovy.cps.impl.FunctionCallBlock$ContinuationImpl.fixArg(FunctionCallBlock.java:83)
	at jdk.internal.reflect.GeneratedMethodAccessor108.invoke(Unknown Source)
	at java.base/jdk.internal.reflect.DelegatingMethodAccessorImpl.invoke(DelegatingMethodAccessorImpl.java:43)
	at java.base/java.lang.reflect.Method.invoke(Method.java:566)
	at com.cloudbees.groovy.cps.impl.ContinuationPtr$ContinuationImpl.receive(ContinuationPtr.java:72)
	at com.cloudbees.groovy.cps.impl.FunctionCallBlock$ContinuationImpl.dispatchOrArg(FunctionCallBlock.java:107)
	at com.cloudbees.groovy.cps.impl.FunctionCallBlock$ContinuationImpl.fixArg(FunctionCallBlock.java:83)
	at jdk.internal.reflect.GeneratedMethodAccessor108.invoke(Unknown Source)
	at java.base/jdk.internal.reflect.DelegatingMethodAccessorImpl.invoke(DelegatingMethodAccessorImpl.java:43)
	at java.base/java.lang.reflect.Method.invoke(Method.java:566)
	at com.cloudbees.groovy.cps.impl.ContinuationPtr$ContinuationImpl.receive(ContinuationPtr.java:72)
	at com.cloudbees.groovy.cps.impl.ContinuationGroup.methodCall(ContinuationGroup.java:89)
	at com.cloudbees.groovy.cps.impl.FunctionCallBlock$ContinuationImpl.dispatchOrArg(FunctionCallBlock.java:113)
	at com.cloudbees.groovy.cps.impl.FunctionCallBlock$ContinuationImpl.fixArg(FunctionCallBlock.java:83)
	at jdk.internal.reflect.GeneratedMethodAccessor108.invoke(Unknown Source)
	at java.base/jdk.internal.reflect.DelegatingMethodAccessorImpl.invoke(DelegatingMethodAccessorImpl.java:43)
	at java.base/java.lang.reflect.Method.invoke(Method.java:566)
	at com.cloudbees.groovy.cps.impl.ContinuationPtr$ContinuationImpl.receive(ContinuationPtr.java:72)
	at com.cloudbees.groovy.cps.impl.ConstantBlock.eval(ConstantBlock.java:21)
	at com.cloudbees.groovy.cps.Next.step(Next.java:83)
	at com.cloudbees.groovy.cps.Continuable$1.call(Continuable.java:174)
	at com.cloudbees.groovy.cps.Continuable$1.call(Continuable.java:163)
	at org.codehaus.groovy.runtime.GroovyCategorySupport$ThreadCategoryInfo.use(GroovyCategorySupport.java:129)
	at org.codehaus.groovy.runtime.GroovyCategorySupport.use(GroovyCategorySupport.java:268)
	at com.cloudbees.groovy.cps.Continuable.run0(Continuable.java:163)
	at org.jenkinsci.plugins.workflow.cps.SandboxContinuable.access$001(SandboxContinuable.java:18)
	at org.jenkinsci.plugins.workflow.cps.SandboxContinuable.run0(SandboxContinuable.java:51)
	at org.jenkinsci.plugins.workflow.cps.CpsThread.runNextChunk(CpsThread.java:185)
	at org.jenkinsci.plugins.workflow.cps.CpsThreadGroup.run(CpsThreadGroup.java:400)
	at org.jenkinsci.plugins.workflow.cps.CpsThreadGroup.access$400(CpsThreadGroup.java:96)
	at org.jenkinsci.plugins.workflow.cps.CpsThreadGroup$2.call(CpsThreadGroup.java:312)
	at org.jenkinsci.plugins.workflow.cps.CpsThreadGroup$2.call(CpsThreadGroup.java:276)
	at org.jenkinsci.plugins.workflow.cps.CpsVmExecutorService$2.call(CpsVmExecutorService.java:67)
	at java.base/java.util.concurrent.FutureTask.run(FutureTask.java:264)
	at hudson.remoting.SingleLaneExecutorService$1.run(SingleLaneExecutorService.java:139)
	at jenkins.util.ContextResettingExecutorService$1.run(ContextResettingExecutorService.java:28)
	at jenkins.security.ImpersonatingExecutorService$1.run(ImpersonatingExecutorService.java:68)
	at java.base/java.util.concurrent.Executors$RunnableAdapter.call(Executors.java:515)
	at java.base/java.util.concurrent.FutureTask.run(FutureTask.java:264)
	at java.base/java.util.concurrent.ThreadPoolExecutor.runWorker(ThreadPoolExecutor.java:1128)
	at java.base/java.util.concurrent.ThreadPoolExecutor$Worker.run(ThreadPoolExecutor.java:628)
	at java.base/java.lang.Thread.run(Thread.java:829)

[8mha:////4PxDm87Lkmc2G2ppqFWLnw9KMrfNFzbc5Zf6baPiqMloAAAApB+LCAAAAAAAAP9tjTEOwjAQBC9BFLSUPOKCUDpEldZKwwtMbIwT687YDknFi/gaf8AiEhVbrHa2mdcb1jHAiYPBXtNgKXYWvRtNXjhxGK6OJ+z5gh1TZKex1VPLSjcLtpw0LClKWAnYaOocR0smwVb08iErJ8lU5xTydxRQWnWHJxQim5MM6QtzgN1tVJHp5/krgNn7BGW9z3WoP8Qfkmi+AAAA[0m[Pipeline] }
[8mha:////4FWkGbdzqzMUEamtyE7etCCNhOYrC9UKLcPKF1PQOJEYAAAApR+LCAAAAAAAAP9tjTsOwjAQRDdBFLSUHGIjPh1KRWu54QQmMcaJtRtsB6fiRFyNO2ARiYopRvOmea83LIOHmr3BTlNvKTQWBzeavDCx76+OE3Z8wYYpsNModZLc6tOMkqOGOUUJCwErTY3jYMlEWItOPVTlFJnqHH3+jgJK297hCYXI5qh8/MLkYXMb28D08/wVwDQMEcrDNtdu/wHCWao9vgAAAA==[0m[Pipeline] // stage
[8mha:////4L6U33RsEvut3otNsPEC5clC7U2IBKLM/Rohk+Ua+ws8AAAApR+LCAAAAAAAAP9tjTsOwjAQRDdBFLSUHGIjPh1KRWu54QQmMcaJtRtsB6fiRFyNO2ARiYopRvOmea83LIOHmr3BTlNvKTQWBzeavDCx76+OE3Z8wYYpsNModZLc6tOMkqOGOUUJCwErTY3jYMlEWItOPVTlFJnqHH3+jgJK297hCYXI5qh8/MLkYXMb28D08/wVwDQMEcrDLtd2/wGveBOQvgAAAA==[0m[Pipeline] }
[8mha:////4MW20ZD1yu8XW2iODeKADL5o14cnhpOGPC7pOXCc0QWSAAAApR+LCAAAAAAAAP9tjTsOwjAQRDdBFLSUHGIjPh1KRWu54QQmMcaJtRtsB6fiRFyNO2ARiYopRvOmea83LIOHmr3BTlNvKTQWBzeavDCx76+OE3Z8wYYpsNModZLc6tOMkqOGOUUJCwErTY3jYMlEWItOPVTlFJnqHH3+jgJK297hCYXI5qh8/MLkYXMb28D08/wVwDQMEcrDPtd29wGcm0gsvgAAAA==[0m[Pipeline] // withEnv
[8mha:////4Nlus8XQesTA768MVRLWIiHYe/PvtCSJPIugUk5KlZpoAAAApB+LCAAAAAAAAP9tjTEOwjAQBC9BFLSUPMJRpHSIitZKwwtMbIwT686xLyQVL+Jr/AGLSFRssdrZZl5v2KYIJ4pW9AYHh6lzIvjJ5iVmisPN0yx6uoqOMJE3ojVzS9qcV2yJDawpSthI2BnsPCWHlmEve/VQlVdoqwvH/B0llE6P8IRCZjOryF9YIhzuk06EP89fASwhMJRNk6uuP576RKi+AAAA[0m[Pipeline] }
[8mha:////4FdtCxVQXy3TD0/QWfNCCIhtJRAQH46QsVnHt9MoSWX5AAAApR+LCAAAAAAAAP9tjTEOwjAQBC9BFLSUPOICElQoFa3lhheYxBgn1l2wHZyKF/E1/oBFJCq2WO1sM683LIOHmr3BTlNvKTQWBzeavDCx76+OE3Z8wYYpsNModZLc6tOMkqOGOUUJCwErTY3jYMlEWItOPVTlFJnqHH3+jgJK297hCYXI5qh8/MLkYXMb28D08/wVwDQMEcr9Iddu+wGtGR8UvgAAAA==[0m[Pipeline] // withEnv
[8mha:////4AHYRslVdyeJ9ZzWwzQCTTtkVE6/uQu5aQU4aEPTboA9AAAAox+LCAAAAAAAAP9tjTESgjAQRT84FraWHiI0jI1jZZuh8QQRYgxkdjFZhMoTeTXvICMzVv7qv9e81xvrFHHk6FRrqfOUaq/6MLj5qZFjdw08qpYvqmZKHKyq7FhxY08LViwWy7IcK42NpTpw8uQEW92ahymCIVecJc7uoJH75o4nMj2XxUT5whSxuw1NYvp1/gYw9b0gL/eCrPwAlk/IDb0AAAA=[0m[Pipeline] }
[8mha:////4PEXoNqZ7EYU8vgwYLAj+3TvtfPJx6zm9zRMcr/oB0SbAAAApB+LCAAAAAAAAP9tjTEOwjAQBDdBFLSUPMIpQKJAVLRWGl5gEmOcWHfBvpBUvIiv8QciIlGx1c4083pjmSKOHJ1qLLWeUuVVF3o3PTVwbK+BB9XwRVVMiYNVpR1Kru1pxpLFYl6WY6GxslQFTp6cYK0b8zBFMOSKs8TJHTRyX9/xRKanspgoXxgjNre+Tky/zt8Axq4T5Lu9INt+AIXzzK69AAAA[0m[Pipeline] // node
[8mha:////4K3wGM8AE2WJyXoiGhHtCm0EtidHfIPhFpHh0MB7shlQAAAApB+LCAAAAAAAAP9tjTEOwjAQBDdBFLSUPMKREAUSoqK10vACkxjjxLoL9oWk4kV8jT8QEYmKrXammdcbyxRx5OhUY6n1lCqvutC76amBY3sNPKiGL6piShysKu1Qcm1PM5YsFvOyHAuNlaUqcPLkBGvdmIcpgiFXnCVO7qCR+/qOJzI9lcVE+cIYsbn1dWL6df4GMHadIN/tBdn2A8JUm1u9AAAA[0m[Pipeline] End of Pipeline
ERROR: Pipeline aborted due to quality gate failure: ERROR
Finished: FAILURE
