Started by an SCM change
Obtained Jenkinsfile from git https://github.com/Pradeepa-geek/spring-webapp.git
Running in Durability level: MAX_SURVIVABILITY
[8mha:////4Guiil79n3qMEpw08+k8DKFlsMmNFv/yB4mnjV0uazPyAAAAoh+LCAAAAAAAAP9tjTEOwjAQBM8BClpKHuFItIiK1krDC0x8GCfWnbEdkooX8TX+gCESFVvtrLSa5wtWKcKBo5UdUu8otU4GP9jS5Mixv3geZcdn2TIl9igbHBs2eJyx4YwwR1SwULBGaj0nRzbDRnX6rmuvydanHMu2V1A5c4MHCFXMWcf8hSnC9jqYxPTz/BXAFEIGsfuclm8zQVqFvQAAAA==[0m[Pipeline] Start of Pipeline
[8mha:////4MB+3lH4KyFbXoYr4sV3o+LDqTtNqQSwJUxj/6+SNp71AAAApR+LCAAAAAAAAP9tjTEOwjAUQ3+KOrAycohUghExsUZZOEFIQkgb/d8mKe3EibgadyBQiQlLlmxL1nu+oE4RjhQdby12HpP2vA+jK4lPFLtroIm3dOGaMFGwXNpJkrGnpUrKFhaxClYC1hZ1oOTRZdiIVt1VExS65pxj2Q4CKm8GeAAThZxVzN8yR9jeRpMIf5y/AJj7DGxXvP/86jduZBmjwAAAAA==[0m[Pipeline] node
Running on [8mha:////4ApjI18resyxp5NWt5MEqo6//vj7vDsJM2uxreRZpVAUAAAAnh+LCAAAAAAAAP9b85aBtbiIQTGjNKU4P08vOT+vOD8nVc83PyU1x6OyILUoJzMv2y+/JJUBAhiZGBgqihhk0NSjKDWzXb3RdlLBUSYGJk8GtpzUvPSSDB8G5tKinBIGIZ+sxLJE/ZzEvHT94JKizLx0a6BxUmjGOUNodHsLgAz2EgZh/eT83ILSktQifY3cxGIgrakPAHib2iPIAAAA[0mJenkins in /home/labuser/.jenkins/workspace/FinalProject
[8mha:////4O/Gcy9iyAp4MIuoAQiLr7cwxqUuZZKFxBKC/79EMqA0AAAApR+LCAAAAAAAAP9tjTEOwjAUQ3+KOrAycoh0gA0xsUZZOEFIQkgb/d8mKe3EibgadyBQiQlLlmxL1nu+oE4RjhQdby12HpP2vA+jK4lPFLtroIm3dOGaMFGwXNpJkrGnpUrKFhaxClYC1hZ1oOTRZdiIVt1VExS65pxj2Q4CKm8GeAAThZxVzN8yR9jeRpMIf5y/AJj7DGxXvP/86jfoP95RwAAAAA==[0m[Pipeline] {
[8mha:////4Pyoun0PHHO5Omh3j81Nz5giHwVeizIVS/ZsRQvZhBfJAAAApR+LCAAAAAAAAP9tjTEOwjAUQ3+KOrAycoh0gQkxsUZZOEFIQkgb/d8mKe3EibgadyBQiQlLlmxL1nu+oE4RjhQdby12HpP2vA+jK4lPFLtroIm3dOGaMFGwXNpJkrGnpUrKFhaxClYC1hZ1oOTRZdiIVt1VExS65pxj2Q4CKm8GeAAThZxVzN8yR9jeRpMIf5y/AJj7DGxXvP/86jc09154wAAAAA==[0m[Pipeline] stage
[8mha:////4CeD13314sNyT/6Bno6lxgN0BK4LySrBkmiR2oF6/dmzAAAApR+LCAAAAAAAAP9tjTEOwjAUQ3+KOrAycoh0ggUxsUZZOEFIQkgb/d8mKe3EibgadyBQiQlLlmxL1nu+oE4RjhQdby12HpP2vA+jK4lPFLtroIm3dOGaMFGwXNpJkrGnpUrKFhaxClYC1hZ1oOTRZdiIVt1VExS65pxj2Q4CKm8GeAAThZxVzN8yR9jeRpMIf5y/AJj7DGxXvP/86jek7ggRwAAAAA==[0m[Pipeline] { (Declarative: Checkout SCM)
[8mha:////4FxWGSGIHTjdTI3s3qhJjfODPTWXNtsrZ0elGN36hT/3AAAAoh+LCAAAAAAAAP9tjTEOAiEURD9rLGwtPQTbaWGsbAmNJ0AWEZb8zwLrbuWJvJp3kLiJlZNMMm+a93rDOic4UbLcG+wdZu14DKOti0+U+lugiXu6ck2YKRguzSSpM+cFJRUDS1gDKwEbgzpQdmgLbIVXD9UGhba9lFS/o4DGdQM8gYlqLiqVL8wJdvexy4Q/z18BzLEA29ce4gfg7KmOvAAAAA==[0m[Pipeline] checkout
Selected Git installation does not exist. Using Default
The recommended git tool is: NONE
No credentials specified
 > git rev-parse --resolve-git-dir /home/labuser/.jenkins/workspace/FinalProject/.git # timeout=10
Fetching changes from the remote Git repository
 > git config remote.origin.url https://github.com/Pradeepa-geek/spring-webapp.git # timeout=10
Fetching upstream changes from https://github.com/Pradeepa-geek/spring-webapp.git
 > git --version # timeout=10
 > git --version # 'git version 2.7.4'
 > git fetch --tags --progress https://github.com/Pradeepa-geek/spring-webapp.git +refs/heads/*:refs/remotes/origin/* # timeout=10
 > git rev-parse refs/remotes/origin/master^{commit} # timeout=10
Checking out Revision 03d1d4789e0271014e763ec0c79f848a9e0c82a4 (refs/remotes/origin/master)
 > git config core.sparsecheckout # timeout=10
 > git checkout -f 03d1d4789e0271014e763ec0c79f848a9e0c82a4 # timeout=10
Commit message: "Update Jenkinsfile"
 > git rev-list --no-walk 91f7ce915683b85ee29dc09a2306e22a020706bb # timeout=10
[8mha:////4CVXK6DtrW1rZBRVb5t60svy+SJWx8RB6RI+ICY6xNO8AAAAoh+LCAAAAAAAAP9tjTEOAiEURD9rLGwtPQTbGRNjZUtoPAGyiLDkfxZYdytP5NW8g8RNrJxkknnTvNcb1jnBiZLl3mDvMGvHYxhtXXyi1N8CTdzTlWvCTMFwaSZJnTkvKKkYWMIaWAnYGNSBskNbYCu8eqg2KLTtpaT6HQU0rhvgCUxUc1GpfGFOsLuPXSb8ef4KYI6xADvU7j9Dg2gqvAAAAA==[0m[Pipeline] }
[8mha:////4OBcAxW3yyax85Cei+/GVjVmIAnaxllEeDSKfsOYwqpuAAAAoh+LCAAAAAAAAP9tjTEOAiEURD9rLGwtPQRbWRhjZUtoPAGyiLDkfxZYdytP5NW8g8RNrJxkknnTvNcb1jnBiZLl3mDvMGvHYxhtXXyi1N8CTdzTlWvCTMFwaSZJnTkvKKkYWMIaWAnYGNSBskNbYCu8eqg2KLTtpaT6HQU0rhvgCUxUc1GpfGFOsLuPXSb8ef4KYI6xADvU7j9J+wGOvAAAAA==[0m[Pipeline] // stage
[8mha:////4FTYou1/1sLLBm2eYpr4rpf5OiQVPP0TVguGwphjBfKcAAAAph+LCAAAAAAAAP9tjTEOwjAQBM9BKWgpeYQDEh2iorXc8AITG+PEugv2haTiRXyNPxCIRMVWOyut5vmCMic4UPKycdgGzHWQXez91ORAqb1EGmRDZ1kTZopOajdosu44oyZ2MEcUsFCwdFhHygE9w0o15m6qaNBXJ07TtldQBHuDBwg1mdkk/sKYYH3tbSb8ef4KYOwYxI6h2G4+x/INtuQqUcEAAAA=[0m[Pipeline] withEnv
[8mha:////4OzvYWRKkVvJJ/XUFbigWk3V0yVoPK3La6q6mqLbM4brAAAApR+LCAAAAAAAAP9tjTEOwjAUQ3+DOrAycoiUzoiJNerCCUITQtLo/zZJSSdOxNW4Ay2VmPBg2Zas93pDGQOcKBjuNHYWY2t570czJ54pdDdPmTu68pYwkte80bkhpc9rbShpWFUw2AjYamw9RYsmwU44+ZCVl2iqSwrzdhTArBrgCYWYyUmG9C1TgP19VJHwx/kLgKlPwOrDYvXyLD8BobDcwgAAAA==[0m[Pipeline] {
[8mha:////4MO1fPjfp6lSqupT2rrcnBGbb14Dt8Ulaa+7XA3p6CPoAAAAph+LCAAAAAAAAP9tjTEOwjAUQ3+LOrAycohUZUVMrFEWThCaEJJG/7dJSjpxIq7GHWipxIQHy7ZkvdcbqhjgRMEwp7GzGFvLej+aObFMobt5yszRlbWEkbxmQmdBSp/XKihpWFWUsOGw1dh6ihZNgh138iFrL9HUlxTm7cihtGqAJxR8JicZ0rdMAfb3UUXCH+cvAKY+Qdk0ix2WZ/UBbwyqm8IAAAA=[0m[Pipeline] withEnv
[8mha:////4BhIb3J4P2gk/g4aXWs+woBkRYqbDmvHF6KGSmjHruazAAAAph+LCAAAAAAAAP9tjTEOwjAUQ3+LOrAycohUwIiYukZZOEFoQkgb/V9+UtqJE3E17kBLJSY8WLYl673eUESGE7ETjcXWY6y96ELvpiQG4vYaaBANXURNGClYoeygyNhqqYqShUVZDisJa4t1oOjRJdjIRj90GTS68px42o4Scm/u8IRMTuSkOX3LyLC99SYS/jh/ATB2CfLdfrbD/Cw+y7kUycIAAAA=[0m[Pipeline] {
[8mha:////4LvXfjxSLZDiuXqBSMnvPN80cAeDps55r0z9pziZ7VpkAAAApx+LCAAAAAAAAP9tjTEOwjAUQ3+LOrAycohUCDbE1DXKwglCE0La6P/yk9JOnIircQdaKjHhwbItWe/1hiIynIidaCy2HmPtRRd6NyUxELfXQINo6CJqwkjBCmUHRcZWS1WULCzKclhJWFusA0WPLsFGNvqhy6DRlefE03aUkHtzhydkciInzelbRobtrTeR8Mf5C4CxS5Dv9rMd5mfxAbNWnxXCAAAA[0m[Pipeline] stage
[8mha:////4FsbGKXQ36l08lC6zR8p2q9t3uaqlGkM1gqeHMNt5XJpAAAApx+LCAAAAAAAAP9tjTEOwjAUQ3+LOrAycohUSDAhpq5RFk4QmhDSRv+Xn5R24kRcjTvQUokJD5ZtyXqvNxSR4UTsRGOx9RhrL7rQuymJgbi9BhpEQxdRE0YKVig7KDK2WqqiZGFRlsNKwtpiHSh6dAk2stEPXQaNrjwnnrajhNybOzwhkxM5aU7fMjJsb72JhD/OXwCMXYJ8t5/tMD+LD5WQ+PfCAAAA[0m[Pipeline] { (Build)
[8mha:////4Nz/9eSlOF/2Z76EYkPvsLrpkpohT8ePPVIOcZIguxkXAAAApB+LCAAAAAAAAP9tjTEOwjAQBC9BFLSUPOIiCmgQVVrLDS8wsTFOrDtjOyQVL+Jr/IFAJCq2WO1sM88XLFOEI0eLraHOUWocBt/baeHAsbt4HrDlMzZMib1BaQbJ2tQzSs4G5hQlLASsDDWekyObYS1adVeVV2SrU47TdxBQOn2DBxRiMmcV8xfGCJtrrxPTz/NXAGPIUG53n9qHN7LjSKW+AAAA[0m[Pipeline] git
Selected Git installation does not exist. Using Default
The recommended git tool is: NONE
No credentials specified
 > git rev-parse --resolve-git-dir /home/labuser/.jenkins/workspace/FinalProject/.git # timeout=10
Fetching changes from the remote Git repository
 > git config remote.origin.url https://github.com/Pradeepa-geek/spring-webapp.git # timeout=10
Fetching upstream changes from https://github.com/Pradeepa-geek/spring-webapp.git
 > git --version # timeout=10
 > git --version # 'git version 2.7.4'
 > git fetch --tags --progress https://github.com/Pradeepa-geek/spring-webapp.git +refs/heads/*:refs/remotes/origin/* # timeout=10
 > git rev-parse refs/remotes/origin/master^{commit} # timeout=10
Checking out Revision 03d1d4789e0271014e763ec0c79f848a9e0c82a4 (refs/remotes/origin/master)
 > git config core.sparsecheckout # timeout=10
 > git checkout -f 03d1d4789e0271014e763ec0c79f848a9e0c82a4 # timeout=10
 > git branch -a -v --no-abbrev # timeout=10
 > git branch -D master # timeout=10
 > git checkout -b master 03d1d4789e0271014e763ec0c79f848a9e0c82a4 # timeout=10
Commit message: "Update Jenkinsfile"
[8mha:////4FwNzwGql/n9ACjGYAnNWEFXBDbDMzFzs8VcJc2TJZgsAAAApR+LCAAAAAAAAP9tjTEOwjAQBC9BFLSUPOIiCkSBqNJabniBiY1xYt0Z2yGpeBFf4w8EIlGxxWpnm3m+YJkiHDlabA11jlLjMPjeTgsHjt3F84Atn7FhSuwNSjNI1qaeUXI2MKcoYSFgZajxnBzZDGvRqruqvCJbnXKcvoOA0ukbPKAQkzmrmL8wRthce52Yfp6/AhhDhnK7+9Q+vAHz0lO8vgAAAA==[0m[Pipeline] sh
+ mvn -Dmaven.test.failure.ignore=true clean package
[INFO] Scanning for projects...
[INFO]                                                                         
[INFO] ------------------------------------------------------------------------
[INFO] Building webapp 0.0.1-SNAPSHOT
[INFO] ------------------------------------------------------------------------
[INFO] 
[INFO] --- maven-clean-plugin:3.1.0:clean (default-clean) @ webapp ---
[INFO] Deleting /home/labuser/.jenkins/workspace/FinalProject/target
[INFO] 
[INFO] --- maven-resources-plugin:3.1.0:resources (default-resources) @ webapp ---
[INFO] Using 'UTF-8' encoding to copy filtered resources.
[INFO] Copying 1 resource
[INFO] Copying 0 resource
[INFO] 
[INFO] --- maven-compiler-plugin:3.8.1:compile (default-compile) @ webapp ---
[INFO] Changes detected - recompiling the module!
[INFO] Compiling 6 source files to /home/labuser/.jenkins/workspace/FinalProject/target/classes
[INFO] 
[INFO] --- maven-resources-plugin:3.1.0:testResources (default-testResources) @ webapp ---
[INFO] Using 'UTF-8' encoding to copy filtered resources.
[INFO] skip non existing resourceDirectory /home/labuser/.jenkins/workspace/FinalProject/src/test/resources
[INFO] 
[INFO] --- maven-compiler-plugin:3.8.1:testCompile (default-testCompile) @ webapp ---
[INFO] Changes detected - recompiling the module!
[INFO] Compiling 1 source file to /home/labuser/.jenkins/workspace/FinalProject/target/test-classes
[INFO] 
[INFO] --- maven-surefire-plugin:2.22.2:test (default-test) @ webapp ---
[INFO] 
[INFO] -------------------------------------------------------
[INFO]  T E S T S
[INFO] -------------------------------------------------------
[INFO] Running com.awstechguide.webapp.WebappApplicationTests
05:35:17.430 [main] DEBUG org.springframework.test.context.BootstrapUtils - Instantiating CacheAwareContextLoaderDelegate from class [org.springframework.test.context.cache.DefaultCacheAwareContextLoaderDelegate]
05:35:17.440 [main] DEBUG org.springframework.test.context.BootstrapUtils - Instantiating BootstrapContext using constructor [public org.springframework.test.context.support.DefaultBootstrapContext(java.lang.Class,org.springframework.test.context.CacheAwareContextLoaderDelegate)]
05:35:17.476 [main] DEBUG org.springframework.test.context.BootstrapUtils - Instantiating TestContextBootstrapper for test class [com.awstechguide.webapp.WebappApplicationTests] from class [org.springframework.boot.test.context.SpringBootTestContextBootstrapper]
05:35:17.490 [main] INFO org.springframework.boot.test.context.SpringBootTestContextBootstrapper - Neither @ContextConfiguration nor @ContextHierarchy found for test class [com.awstechguide.webapp.WebappApplicationTests], using SpringBootContextLoader
05:35:17.495 [main] DEBUG org.springframework.test.context.support.AbstractContextLoader - Did not detect default resource location for test class [com.awstechguide.webapp.WebappApplicationTests]: class path resource [com/awstechguide/webapp/WebappApplicationTests-context.xml] does not exist
05:35:17.495 [main] DEBUG org.springframework.test.context.support.AbstractContextLoader - Did not detect default resource location for test class [com.awstechguide.webapp.WebappApplicationTests]: class path resource [com/awstechguide/webapp/WebappApplicationTestsContext.groovy] does not exist
05:35:17.496 [main] INFO org.springframework.test.context.support.AbstractContextLoader - Could not detect default resource locations for test class [com.awstechguide.webapp.WebappApplicationTests]: no resource found for suffixes {-context.xml, Context.groovy}.
05:35:17.496 [main] INFO org.springframework.test.context.support.AnnotationConfigContextLoaderUtils - Could not detect default configuration classes for test class [com.awstechguide.webapp.WebappApplicationTests]: WebappApplicationTests does not declare any static, non-private, non-final, nested classes annotated with @Configuration.
05:35:17.528 [main] DEBUG org.springframework.test.context.support.ActiveProfilesUtils - Could not find an 'annotation declaring class' for annotation type [org.springframework.test.context.ActiveProfiles] and class [com.awstechguide.webapp.WebappApplicationTests]
05:35:17.586 [main] DEBUG org.springframework.context.annotation.ClassPathScanningCandidateComponentProvider - Identified candidate component class: file [/home/labuser/.jenkins/workspace/FinalProject/target/classes/com/awstechguide/webapp/WebappApplication.class]
05:35:17.587 [main] INFO org.springframework.boot.test.context.SpringBootTestContextBootstrapper - Found @SpringBootConfiguration com.awstechguide.webapp.WebappApplication for test class com.awstechguide.webapp.WebappApplicationTests
05:35:17.671 [main] DEBUG org.springframework.boot.test.context.SpringBootTestContextBootstrapper - @TestExecutionListeners is not present for class [com.awstechguide.webapp.WebappApplicationTests]: using defaults.
05:35:17.671 [main] INFO org.springframework.boot.test.context.SpringBootTestContextBootstrapper - Loaded default TestExecutionListener class names from location [META-INF/spring.factories]: [org.springframework.boot.test.mock.mockito.MockitoTestExecutionListener, org.springframework.boot.test.mock.mockito.ResetMocksTestExecutionListener, org.springframework.boot.test.autoconfigure.restdocs.RestDocsTestExecutionListener, org.springframework.boot.test.autoconfigure.web.client.MockRestServiceServerResetTestExecutionListener, org.springframework.boot.test.autoconfigure.web.servlet.MockMvcPrintOnlyOnFailureTestExecutionListener, org.springframework.boot.test.autoconfigure.web.servlet.WebDriverTestExecutionListener, org.springframework.test.context.web.ServletTestExecutionListener, org.springframework.test.context.support.DirtiesContextBeforeModesTestExecutionListener, org.springframework.test.context.support.DependencyInjectionTestExecutionListener, org.springframework.test.context.support.DirtiesContextTestExecutionListener, org.springframework.test.context.transaction.TransactionalTestExecutionListener, org.springframework.test.context.jdbc.SqlScriptsTestExecutionListener, org.springframework.test.context.event.EventPublishingTestExecutionListener]
05:35:17.679 [main] DEBUG org.springframework.boot.test.context.SpringBootTestContextBootstrapper - Skipping candidate TestExecutionListener [org.springframework.test.context.transaction.TransactionalTestExecutionListener] due to a missing dependency. Specify custom listener classes or make the default listener classes and their required dependencies available. Offending class: [org/springframework/transaction/TransactionDefinition]
05:35:17.679 [main] DEBUG org.springframework.boot.test.context.SpringBootTestContextBootstrapper - Skipping candidate TestExecutionListener [org.springframework.test.context.jdbc.SqlScriptsTestExecutionListener] due to a missing dependency. Specify custom listener classes or make the default listener classes and their required dependencies available. Offending class: [org/springframework/transaction/interceptor/TransactionAttribute]
05:35:17.680 [main] INFO org.springframework.boot.test.context.SpringBootTestContextBootstrapper - Using TestExecutionListeners: [org.springframework.test.context.web.ServletTestExecutionListener@18d87d80, org.springframework.test.context.support.DirtiesContextBeforeModesTestExecutionListener@618425b5, org.springframework.boot.test.mock.mockito.MockitoTestExecutionListener@58695725, org.springframework.boot.test.autoconfigure.SpringBootDependencyInjectionTestExecutionListener@543588e6, org.springframework.test.context.support.DirtiesContextTestExecutionListener@f5acb9d, org.springframework.test.context.event.EventPublishingTestExecutionListener@4fb3ee4e, org.springframework.boot.test.mock.mockito.ResetMocksTestExecutionListener@5d7148e2, org.springframework.boot.test.autoconfigure.restdocs.RestDocsTestExecutionListener@25fb8912, org.springframework.boot.test.autoconfigure.web.client.MockRestServiceServerResetTestExecutionListener@7c24b813, org.springframework.boot.test.autoconfigure.web.servlet.MockMvcPrintOnlyOnFailureTestExecutionListener@2c35e847, org.springframework.boot.test.autoconfigure.web.servlet.WebDriverTestExecutionListener@7bd4937b]
05:35:17.682 [main] DEBUG org.springframework.test.context.support.AbstractDirtiesContextTestExecutionListener - Before test class: context [DefaultTestContext@342c38f8 testClass = WebappApplicationTests, testInstance = [null], testMethod = [null], testException = [null], mergedContextConfiguration = [WebMergedContextConfiguration@c88a337 testClass = WebappApplicationTests, locations = '{}', classes = '{class com.awstechguide.webapp.WebappApplication}', contextInitializerClasses = '[]', activeProfiles = '{}', propertySourceLocations = '{}', propertySourceProperties = '{org.springframework.boot.test.context.SpringBootTestContextBootstrapper=true}', contextCustomizers = set[org.springframework.boot.test.context.filter.ExcludeFilterContextCustomizer@7c469c48, org.springframework.boot.test.json.DuplicateJsonObjectContextCustomizerFactory$DuplicateJsonObjectContextCustomizer@1677d1, org.springframework.boot.test.mock.mockito.MockitoContextCustomizer@0, org.springframework.boot.test.web.client.TestRestTemplateContextCustomizer@433d61fb, org.springframework.boot.test.autoconfigure.properties.PropertyMappingContextCustomizer@0, org.springframework.boot.test.autoconfigure.web.servlet.WebDriverContextCustomizerFactory$Customizer@22a637e7], resourceBasePath = 'src/main/webapp', contextLoader = 'org.springframework.boot.test.context.SpringBootContextLoader', parent = [null]], attributes = map['org.springframework.test.context.web.ServletTestExecutionListener.activateListener' -> true]], class annotated with @DirtiesContext [false] with mode [null].
05:35:17.704 [main] DEBUG org.springframework.test.context.support.TestPropertySourceUtils - Adding inlined properties to environment: {spring.jmx.enabled=false, org.springframework.boot.test.context.SpringBootTestContextBootstrapper=true, server.port=-1}

  .   ____          _            __ _ _
 /\\ / ___'_ __ _ _(_)_ __  __ _ \ \ \ \
( ( )\___ | '_ | '_| | '_ \/ _` | \ \ \ \
 \\/  ___)| |_)| | | | | || (_| |  ) ) ) )
  '  |____| .__|_| |_|_| |_\__, | / / / /
 =========|_|==============|___/=/_/_/_/
 :: Spring Boot ::        (v2.2.6.RELEASE)

2021-07-13 05:35:18.152  INFO 7054 --- [           main] c.a.webapp.WebappApplicationTests        : Starting WebappApplicationTests on ubu with PID 7054 (started by labuser in /home/labuser/.jenkins/workspace/FinalProject)
2021-07-13 05:35:18.157  INFO 7054 --- [           main] c.a.webapp.WebappApplicationTests        : No active profile set, falling back to default profiles: default
2021-07-13 05:35:19.445  INFO 7054 --- [           main] o.s.s.concurrent.ThreadPoolTaskExecutor  : Initializing ExecutorService 'applicationTaskExecutor'
2021-07-13 05:35:19.518  INFO 7054 --- [           main] o.s.b.a.w.s.WelcomePageHandlerMapping    : Adding welcome page template: index
2021-07-13 05:35:19.678  INFO 7054 --- [           main] c.a.webapp.WebappApplicationTests        : Started WebappApplicationTests in 1.967 seconds (JVM running for 2.996)
[INFO] Tests run: 1, Failures: 0, Errors: 0, Skipped: 0, Time elapsed: 2.525 s - in com.awstechguide.webapp.WebappApplicationTests
2021-07-13 05:35:19.930  INFO 7054 --- [extShutdownHook] o.s.s.concurrent.ThreadPoolTaskExecutor  : Shutting down ExecutorService 'applicationTaskExecutor'
[INFO] 
[INFO] Results:
[INFO] 
[INFO] Tests run: 1, Failures: 0, Errors: 0, Skipped: 0
[INFO] 
[INFO] 
[INFO] --- maven-war-plugin:3.2.3:war (default-war) @ webapp ---
[INFO] Packaging webapp
[INFO] Assembling webapp [webapp] in [/home/labuser/.jenkins/workspace/FinalProject/target/webapptest]
[INFO] Processing war project
[INFO] Copying webapp resources [/home/labuser/.jenkins/workspace/FinalProject/src/main/webapp]
[INFO] Webapp assembled in [53 msecs]
[INFO] Building war: /home/labuser/.jenkins/workspace/FinalProject/target/webapptest.war
[INFO] 
[INFO] --- spring-boot-maven-plugin:2.2.6.RELEASE:repackage (repackage) @ webapp ---
[INFO] Replacing main artifact with repackaged archive
[INFO] ------------------------------------------------------------------------
[INFO] BUILD SUCCESS
[INFO] ------------------------------------------------------------------------
[INFO] Total time: 7.727 s
[INFO] Finished at: 2021-07-13T05:35:21+00:00
[INFO] Final Memory: 41M/278M
[INFO] ------------------------------------------------------------------------
Post stage
[8mha:////4M1U7Qb6mBvv/U1ohXXtCqK/N+5A9PMQi0ozY8omVaqnAAAApR+LCAAAAAAAAP9tjTEOwjAQBC9BFLSUPOIiCiQkRJXWcsMLTGyME+vO2A5JxYv4Gn8gEImKLVY728zzBcsU4cjRYmuoc5Qah8H3dlo4cOwungds+YwNU2JvUJpBsjb1jJKzgTlFCQsBK0ON5+TIZliLVt1V5RXZ6pTj9B0ElE7f4AGFmMxZxfyFMcLm2uvE9PP8FcAYMpTb3af24Q08zss7vgAAAA==[0m[Pipeline] emailext
Sending email to: pradi.csp@gmail.com
[8mha:////4I47BnmH01jxDtFI5vR2YeLd4YPRlI1LdAGr9PJDLxEBAAAApR+LCAAAAAAAAP9tjTEOwjAQBC9BFLSUPOIiCgqEqNJabniBiY1xYt0Z2yGpeBFf4w8EIlGxxWpnm3m+YJkiHDlabA11jlLjMPjeTgsHjt3F84Atn7FhSuwNSjNI1qaeUXI2MKcoYSFgZajxnBzZDGvRqruqvCJbnXKcvoOA0ukbPKAQkzmrmL8wRthce52Yfp6/AhhDhnK7+9Q+vAF9/9AivgAAAA==[0m[Pipeline] junit
Recording test results
[Checks API] No suitable checks publisher found.
[8mha:////4EM/xgQIX1xP46vS5XUdD2UBv3lTJ4HuxmkmReq/OkmcAAAApR+LCAAAAAAAAP9tjTEOwjAQBC9BFLSUPOICSFQoFa3lhheYxBgn1l2wHZyKF/E1/oBFJCq2WO1sM683LIOHmr3BTlNvKTQWBzeavDCx76+OE3Z8wYYpsNModZLc6tOMkqOGOUUJCwErTY3jYMlEWItOPVTlFJnqHH3+jgJK297hCYXI5qh8/MLkYXMb28D08/wVwDREKHeHXPvt8AFt+lTxvgAAAA==[0m[Pipeline] archiveArtifacts
Archiving artifacts
[8mha:////4A3AnyDiK9I4GaTGBd6B9WUvqDbX2XSWW/lHgAqIlyU1AAAApR+LCAAAAAAAAP9tjTEOwjAQBC9BFLSUPOKiIFEhqrRWGl5gYmOcWHfGdkgqXsTX+AMWkajYYrWzzbzesI4BThwM9poGS7Gz6N1o8sKJw3B1PGHPF+yYIjuNrZ5aVrpZsOWkYUlRwkrARlPnOFoyCbailw9ZOUmmOqeQv6OA0qo7PKEQ2ZxkSF+YA+xuo4pMP89fAczeJyj3da768AEOmjScvgAAAA==[0m[Pipeline] }
[8mha:////4CwOeNzybIqwN7tUwRRFsyAZxDGyUHAf54Djf4zpEelBAAAApB+LCAAAAAAAAP9tjTEOwjAQBC9BFLSUPMIRER2iSmul4QUmPowT687YDknFi/gaf8AiEhVbrHa2mdcb1jHAiYMRPdJgKXZWeDeavMTEYbg6nkTPF9ExRXYoWpxa1tgs2HJCWFKUsJKwQeocR0smwVb26qEqp8hU5xTyd5RQWn2HJxQym5MK6QtzgN1t1JHp5/krgNn7BGVd59ofPjbYp22+AAAA[0m[Pipeline] // stage
[8mha:////4FJik68tDAggMtsXnITExKyDbJV/LcVec/AOotHkYZlgAAAApx+LCAAAAAAAAP9tjTEOwjAUQ3+LOrAycohU0BExdY2ycIKQhJA2+r8kKe3EibgadyBQiQkPlm3Jes8XVDHAkYJlncHeYVSODX60ObGJQn/xNLGOzkwRRvKGCTMJ0qZdqqBkYFFRworD2qDyFB3aBBveybusvURbn1LI24FD6fQNHlDwTE4ypG+ZA2yvo46EP85fAMxDgnLXZNs3n2f1BpZ8cjnCAAAA[0m[Pipeline] stage
[8mha:////4BYqE1pxFLSS6GfozPd5sUpNG2pZVRO574hTu9hd/ZTJAAAApx+LCAAAAAAAAP9tjTEOwjAUQ3+LOrAycohUAjbE1DXKwglCE0La6P/yk9JOnIircQdaKjHhwbItWe/1hiIynIidaCy2HmPtRRd6NyUxELfXQINo6CJqwkjBCmUHRcZWS1WULCzKclhJWFusA0WPLsFGNvqhy6DRlefE03aUkHtzhydkciInzelbRobtrTeR8Mf5C4CxS5Dv9rMd5mfxAd6e6VPCAAAA[0m[Pipeline] { (SonaqrQube Analysis)
[8mha:////4Eu1+EON889RYSyWEts+3YpqedbUoJcu99SNTD+hloY5AAAApx+LCAAAAAAAAP9tjTEOwjAUQ3+LOrAycohUQjAhpq5RFk4QmhDSRv+Xn5R24kRcjTvQUokJD5ZtyXqvNxSR4UTsRGOx9RhrL7rQuymJgbi9BhpEQxdRE0YKVig7KDK2WqqiZGFRlsNKwtpiHSh6dAk2stEPXQaNrjwnnrajhNybOzwhkxM5aU7fMjJsb72JhD/OXwCMXYJ8t5/tMD+LD/hYjrHCAAAA[0m[Pipeline] withSonarQubeEnv
Injecting SonarQube environment variables using the configuration: sonarscanner
[8mha:////4Jb/1Lc+yWZut+BY4QEu+JVFD6Clv6YHQ1vR93JBNDtBAAAAqB+LCAAAAAAAAP9tjTEOwjAUQ3+LOrAycohUQoIFMXWNsnCC0ISQNvq//KS0EyfiatyBlkpMeLBsS9Z7vaGIDCdiJxqLrcdYe9GF3k1JDMTtNdAgGrqImjBSsELZQZGx1VIVJQuLshxWEtYW60DRo0uwkY1+6DJodOU58bQdJeTe3OEJmZzISXP6lpFhe+tNJPxx/gJg7BLku/1sh/lZfACW9ZT2wgAAAA==[0m[Pipeline] {
[8mha:////4EWtaV6JMER2kufcUtXr4Gh1yFoXBEYlxBlH6CXcqaeLAAAApR+LCAAAAAAAAP9tjTEOwjAQBC9BFLSUPOIiUUCBqNJabniBiY1xYt0Z2yGpeBFf4w8EIlGxxWpnm3m+YJkiHDlabA11jlLjMPjeTgsHjt3F84Atn7FhSuwNSjNI1qaeUXI2MKcoYSFgZajxnBzZDGvRqruqvCJbnXKcvoOA0ukbPKAQkzmrmL8wRthce52Yfp6/AhhDhnK7+9Q+vAHUcXIBvgAAAA==[0m[Pipeline] sh
+ mvn sonar:sonar
[INFO] Scanning for projects...
Downloading: https://repo.maven.apache.org/maven2/org/apache/maven/plugins/maven-deploy-plugin/2.8.2/maven-deploy-plugin-2.8.2.pom
2/7 KB   3/7 KB   5/7 KB   6/7 KB   7/7 KB   7/7 KB            Downloaded: https://repo.maven.apache.org/maven2/org/apache/maven/plugins/maven-deploy-plugin/2.8.2/maven-deploy-plugin-2.8.2.pom (7 KB at 14.7 KB/sec)
Downloading: https://repo.maven.apache.org/maven2/org/apache/maven/plugins/maven-site-plugin/3.8.2/maven-site-plugin-3.8.2.pom
2/24 KB   3/24 KB   5/24 KB   6/24 KB   7/24 KB   9/24 KB   10/24 KB   11/24 KB   13/24 KB   14/24 KB   15/24 KB   17/24 KB   18/24 KB   19/24 KB   21/24 KB   22/24 KB   23/24 KB   24/24 KB              Downloaded: https://repo.maven.apache.org/maven2/org/apache/maven/plugins/maven-site-plugin/3.8.2/maven-site-plugin-3.8.2.pom (24 KB at 487.2 KB/sec)
Downloading: https://repo.maven.apache.org/maven2/org/apache/johnzon/johnzon-maven-plugin/1.2.3/johnzon-maven-plugin-1.2.3.pom
2/4 KB     3/4 KB   4/4 KB            Downloaded: https://repo.maven.apache.org/maven2/org/apache/johnzon/johnzon-maven-plugin/1.2.3/johnzon-maven-plugin-1.2.3.pom (4 KB at 85.6 KB/sec)
Downloading: https://repo.maven.apache.org/maven2/org/apache/johnzon/johnzon/1.2.3/johnzon-1.2.3.pom
2/25 KB   3/25 KB   5/25 KB   6/25 KB   7/25 KB   9/25 KB   10/25 KB   11/25 KB   13/25 KB   14/25 KB   15/25 KB   17/25 KB   18/25 KB   19/25 KB   21/25 KB   22/25 KB   23/25 KB   25/25 KB   25/25 KB              Downloaded: https://repo.maven.apache.org/maven2/org/apache/johnzon/johnzon/1.2.3/johnzon-1.2.3.pom (25 KB at 298.1 KB/sec)
Downloading: https://repo.maven.apache.org/maven2/org/apache/johnzon/johnzon-maven-plugin/1.2.3/johnzon-maven-plugin-1.2.3.jar
2/26 KB    3/26 KB   5/26 KB   6/26 KB   7/26 KB   9/26 KB   10/26 KB   11/26 KB   13/26 KB   14/26 KB   15/26 KB   17/26 KB   18/26 KB   19/26 KB   21/26 KB   22/26 KB   23/26 KB   25/26 KB   26/26 KB              Downloaded: https://repo.maven.apache.org/maven2/org/apache/johnzon/johnzon-maven-plugin/1.2.3/johnzon-maven-plugin-1.2.3.jar (26 KB at 539.4 KB/sec)
Downloading: https://repo.maven.apache.org/maven2/org/jetbrains/kotlin/kotlin-maven-plugin/1.3.71/kotlin-maven-plugin-1.3.71.pom
2/6 KB     3/6 KB   5/6 KB   6/6 KB   6/6 KB            Downloaded: https://repo.maven.apache.org/maven2/org/jetbrains/kotlin/kotlin-maven-plugin/1.3.71/kotlin-maven-plugin-1.3.71.pom (6 KB at 154.5 KB/sec)
Downloading: https://repo.maven.apache.org/maven2/org/jetbrains/kotlin/kotlin-project/1.3.71/kotlin-project-1.3.71.pom
2/10 KB   3/10 KB   5/10 KB   6/10 KB   7/10 KB   9/10 KB   10/10 KB   10/10 KB              Downloaded: https://repo.maven.apache.org/maven2/org/jetbrains/kotlin/kotlin-project/1.3.71/kotlin-project-1.3.71.pom (10 KB at 258.9 KB/sec)
Downloading: https://repo.maven.apache.org/maven2/org/jetbrains/kotlin/kotlin-maven-plugin/1.3.71/kotlin-maven-plugin-1.3.71.jar
2/78 KB    3/78 KB   5/78 KB   6/78 KB   7/78 KB   9/78 KB   10/78 KB   11/78 KB   13/78 KB   14/78 KB   15/78 KB   17/78 KB   18/78 KB   19/78 KB   21/78 KB   22/78 KB   23/78 KB   25/78 KB   26/78 KB   27/78 KB   29/78 KB   30/78 KB   31/78 KB   33/78 KB   34/78 KB   35/78 KB   37/78 KB   38/78 KB   39/78 KB   41/78 KB   42/78 KB   43/78 KB   45/78 KB   46/78 KB   47/78 KB   49/78 KB   50/78 KB   51/78 KB   53/78 KB   54/78 KB   55/78 KB   57/78 KB   58/78 KB   59/78 KB   61/78 KB   62/78 KB   63/78 KB   65/78 KB   66/78 KB   67/78 KB   69/78 KB   70/78 KB   71/78 KB   73/78 KB   74/78 KB   75/78 KB   77/78 KB   78/78 KB   78/78 KB              Downloaded: https://repo.maven.apache.org/maven2/org/jetbrains/kotlin/kotlin-maven-plugin/1.3.71/kotlin-maven-plugin-1.3.71.jar (78 KB at 1442.6 KB/sec)
Downloading: https://repo.maven.apache.org/maven2/org/jooq/jooq-codegen-maven/3.12.4/jooq-codegen-maven-3.12.4.pom
2/4 KB     3/4 KB   4/4 KB            Downloaded: https://repo.maven.apache.org/maven2/org/jooq/jooq-codegen-maven/3.12.4/jooq-codegen-maven-3.12.4.pom (4 KB at 71.4 KB/sec)
Downloading: https://repo.maven.apache.org/maven2/org/jooq/jooq-parent/3.12.4/jooq-parent-3.12.4.pom
2/20 KB   3/20 KB   5/20 KB   6/20 KB   7/20 KB   9/20 KB   10/20 KB   11/20 KB   13/20 KB   14/20 KB   15/20 KB   17/20 KB   18/20 KB   19/20 KB   20/20 KB              Downloaded: https://repo.maven.apache.org/maven2/org/jooq/jooq-parent/3.12.4/jooq-parent-3.12.4.pom (20 KB at 491.3 KB/sec)
Downloading: https://repo.maven.apache.org/maven2/org/jooq/jooq-codegen-maven/3.12.4/jooq-codegen-maven-3.12.4.jar
4/17 KB    8/17 KB   12/17 KB   16/17 KB   17/17 KB              Downloaded: https://repo.maven.apache.org/maven2/org/jooq/jooq-codegen-maven/3.12.4/jooq-codegen-maven-3.12.4.jar (17 KB at 450.0 KB/sec)
Downloading: https://repo.maven.apache.org/maven2/org/apache/maven/plugins/maven-antrun-plugin/1.8/maven-antrun-plugin-1.8.pom
4/4 KB              Downloaded: https://repo.maven.apache.org/maven2/org/apache/maven/plugins/maven-antrun-plugin/1.8/maven-antrun-plugin-1.8.pom (4 KB at 119.9 KB/sec)
Downloading: https://repo.maven.apache.org/maven2/org/apache/maven/plugins/maven-antrun-plugin/1.8/maven-antrun-plugin-1.8.jar
4/36 KB   8/36 KB   12/36 KB   16/36 KB   20/36 KB   24/36 KB   28/36 KB   32/36 KB   36/36 KB              Downloaded: https://repo.maven.apache.org/maven2/org/apache/maven/plugins/maven-antrun-plugin/1.8/maven-antrun-plugin-1.8.jar (36 KB at 976.6 KB/sec)
Downloading: https://repo.maven.apache.org/maven2/org/apache/maven/plugins/maven-assembly-plugin/3.1.1/maven-assembly-plugin-3.1.1.pom
4/15 KB    8/15 KB   12/15 KB   15/15 KB              Downloaded: https://repo.maven.apache.org/maven2/org/apache/maven/plugins/maven-assembly-plugin/3.1.1/maven-assembly-plugin-3.1.1.pom (15 KB at 513.5 KB/sec)
Downloading: https://repo.maven.apache.org/maven2/org/apache/maven/plugins/maven-assembly-plugin/3.1.1/maven-assembly-plugin-3.1.1.jar
4/231 KB   8/231 KB   12/231 KB   16/231 KB   20/231 KB   24/231 KB   28/231 KB   32/231 KB   36/231 KB   40/231 KB   44/231 KB   48/231 KB   52/231 KB   56/231 KB   60/231 KB   64/231 KB   68/231 KB   72/231 KB   76/231 KB   80/231 KB   84/231 KB   88/231 KB   92/231 KB   96/231 KB   100/231 KB   104/231 KB   108/231 KB   112/231 KB   116/231 KB   120/231 KB   124/231 KB   128/231 KB   132/231 KB   136/231 KB   140/231 KB   144/231 KB   148/231 KB   152/231 KB   156/231 KB   160/231 KB   164/231 KB   168/231 KB   172/231 KB   176/231 KB   180/231 KB   184/231 KB   188/231 KB   192/231 KB   196/231 KB   200/231 KB   204/231 KB   208/231 KB   212/231 KB   214/231 KB   218/231 KB   222/231 KB   226/231 KB   230/231 KB   231/231 KB                Downloaded: https://repo.maven.apache.org/maven2/org/apache/maven/plugins/maven-assembly-plugin/3.1.1/maven-assembly-plugin-3.1.1.jar (231 KB at 3390.0 KB/sec)
Downloading: https://repo.maven.apache.org/maven2/org/apache/maven/plugins/maven-dependency-plugin/3.1.2/maven-dependency-plugin-3.1.2.pom
4/16 KB      8/16 KB   12/16 KB   16/16 KB              Downloaded: https://repo.maven.apache.org/maven2/org/apache/maven/plugins/maven-dependency-plugin/3.1.2/maven-dependency-plugin-3.1.2.pom (16 KB at 564.6 KB/sec)
Downloading: https://repo.maven.apache.org/maven2/org/apache/maven/plugins/maven-dependency-plugin/3.1.2/maven-dependency-plugin-3.1.2.jar
4/169 KB   8/169 KB   12/169 KB   16/169 KB   20/169 KB   24/169 KB   28/169 KB   32/169 KB   36/169 KB   40/169 KB   44/169 KB   48/169 KB   52/169 KB   56/169 KB   60/169 KB   64/169 KB   68/169 KB   72/169 KB   76/169 KB   80/169 KB   84/169 KB   88/169 KB   92/169 KB   96/169 KB   100/169 KB   104/169 KB   108/169 KB   112/169 KB   116/169 KB   120/169 KB   124/169 KB   128/169 KB   132/169 KB   136/169 KB   140/169 KB   144/169 KB   148/169 KB   152/169 KB   156/169 KB   160/169 KB   164/169 KB   168/169 KB   169/169 KB                Downloaded: https://repo.maven.apache.org/maven2/org/apache/maven/plugins/maven-dependency-plugin/3.1.2/maven-dependency-plugin-3.1.2.jar (169 KB at 3118.4 KB/sec)
Downloading: https://repo.maven.apache.org/maven2/org/apache/maven/plugins/maven-release-plugin/2.3.2/maven-release-plugin-2.3.2.pom
4/10 KB      8/10 KB   10/10 KB              Downloaded: https://repo.maven.apache.org/maven2/org/apache/maven/plugins/maven-release-plugin/2.3.2/maven-release-plugin-2.3.2.pom (10 KB at 324.7 KB/sec)
Downloading: https://repo.maven.apache.org/maven2/org/apache/maven/release/maven-release/2.3.2/maven-release-2.3.2.pom
4/9 KB     8/9 KB   9/9 KB            Downloaded: https://repo.maven.apache.org/maven2/org/apache/maven/release/maven-release/2.3.2/maven-release-2.3.2.pom (9 KB at 290.3 KB/sec)
Downloading: https://repo.maven.apache.org/maven2/org/apache/maven/plugins/maven-release-plugin/2.3.2/maven-release-plugin-2.3.2.jar
4/44 KB   8/44 KB   12/44 KB   16/44 KB   20/44 KB   24/44 KB   28/44 KB   32/44 KB   36/44 KB   40/44 KB   44/44 KB              Downloaded: https://repo.maven.apache.org/maven2/org/apache/maven/plugins/maven-release-plugin/2.3.2/maven-release-plugin-2.3.2.jar (44 KB at 1140.1 KB/sec)
Downloading: https://repo.maven.apache.org/maven2/org/apache/maven/plugins/maven-enforcer-plugin/3.0.0-M3/maven-enforcer-plugin-3.0.0-M3.pom
4/8 KB     8/8 KB            Downloaded: https://repo.maven.apache.org/maven2/org/apache/maven/plugins/maven-enforcer-plugin/3.0.0-M3/maven-enforcer-plugin-3.0.0-M3.pom (8 KB at 255.9 KB/sec)
Downloading: https://repo.maven.apache.org/maven2/org/apache/maven/enforcer/enforcer/3.0.0-M3/enforcer-3.0.0-M3.pom
4/8 KB   8/8 KB            Downloaded: https://repo.maven.apache.org/maven2/org/apache/maven/enforcer/enforcer/3.0.0-M3/enforcer-3.0.0-M3.pom (8 KB at 254.0 KB/sec)
Downloading: https://repo.maven.apache.org/maven2/org/apache/maven/plugins/maven-enforcer-plugin/3.0.0-M3/maven-enforcer-plugin-3.0.0-M3.jar
4/27 KB   8/27 KB   12/27 KB   16/27 KB   20/27 KB   24/27 KB   27/27 KB              Downloaded: https://repo.maven.apache.org/maven2/org/apache/maven/plugins/maven-enforcer-plugin/3.0.0-M3/maven-enforcer-plugin-3.0.0-M3.jar (27 KB at 850.6 KB/sec)
Downloading: https://repo.maven.apache.org/maven2/org/apache/maven/plugins/maven-failsafe-plugin/2.22.2/maven-failsafe-plugin-2.22.2.pom
4/12 KB    8/12 KB   12/12 KB              Downloaded: https://repo.maven.apache.org/maven2/org/apache/maven/plugins/maven-failsafe-plugin/2.22.2/maven-failsafe-plugin-2.22.2.pom (12 KB at 413.9 KB/sec)
Downloading: https://repo.maven.apache.org/maven2/org/apache/maven/plugins/maven-failsafe-plugin/2.22.2/maven-failsafe-plugin-2.22.2.jar
4/288 KB   8/288 KB   12/288 KB   16/288 KB   20/288 KB   24/288 KB   28/288 KB   32/288 KB   36/288 KB   40/288 KB   44/288 KB   48/288 KB   52/288 KB   56/288 KB   60/288 KB   64/288 KB   68/288 KB   72/288 KB   76/288 KB   80/288 KB   84/288 KB   88/288 KB   92/288 KB   96/288 KB   100/288 KB   104/288 KB   108/288 KB   112/288 KB   116/288 KB   120/288 KB   124/288 KB   128/288 KB   132/288 KB   136/288 KB   140/288 KB   144/288 KB   148/288 KB   152/288 KB   156/288 KB   160/288 KB   164/288 KB   168/288 KB   172/288 KB   176/288 KB   180/288 KB   184/288 KB   188/288 KB   192/288 KB   196/288 KB   200/288 KB   204/288 KB   208/288 KB   212/288 KB   214/288 KB   218/288 KB   222/288 KB   226/288 KB   230/288 KB   234/288 KB   238/288 KB   242/288 KB   246/288 KB   250/288 KB   254/288 KB   258/288 KB   262/288 KB   266/288 KB   270/288 KB   274/288 KB   278/288 KB   282/288 KB   286/288 KB   288/288 KB                Downloaded: https://repo.maven.apache.org/maven2/org/apache/maven/plugins/maven-failsafe-plugin/2.22.2/maven-failsafe-plugin-2.22.2.jar (288 KB at 4160.9 KB/sec)
Downloading: https://repo.maven.apache.org/maven2/org/apache/maven/plugins/maven-invoker-plugin/3.2.1/maven-invoker-plugin-3.2.1.pom
4/14 KB      8/14 KB   12/14 KB   14/14 KB              Downloaded: https://repo.maven.apache.org/maven2/org/apache/maven/plugins/maven-invoker-plugin/3.2.1/maven-invoker-plugin-3.2.1.pom (14 KB at 183.7 KB/sec)
Downloading: https://repo.maven.apache.org/maven2/org/apache/maven/plugins/maven-invoker-plugin/3.2.1/maven-invoker-plugin-3.2.1.jar
4/124 KB   8/124 KB   12/124 KB   16/124 KB   20/124 KB   24/124 KB   28/124 KB   32/124 KB   36/124 KB   40/124 KB   44/124 KB   48/124 KB   52/124 KB   56/124 KB   60/124 KB   64/124 KB   68/124 KB   72/124 KB   76/124 KB   80/124 KB   84/124 KB   88/124 KB   92/124 KB   96/124 KB   100/124 KB   104/124 KB   108/124 KB   112/124 KB   116/124 KB   120/124 KB   124/124 KB                Downloaded: https://repo.maven.apache.org/maven2/org/apache/maven/plugins/maven-invoker-plugin/3.2.1/maven-invoker-plugin-3.2.1.jar (124 KB at 2635.5 KB/sec)
Downloading: https://repo.maven.apache.org/maven2/org/apache/maven/plugins/maven-help-plugin/3.2.0/maven-help-plugin-3.2.0.pom
4/12 KB      8/12 KB   12/12 KB              Downloaded: https://repo.maven.apache.org/maven2/org/apache/maven/plugins/maven-help-plugin/3.2.0/maven-help-plugin-3.2.0.pom (12 KB at 393.4 KB/sec)
Downloading: https://repo.maven.apache.org/maven2/org/apache/maven/plugins/maven-help-plugin/3.2.0/maven-help-plugin-3.2.0.jar
4/85 KB    8/85 KB   12/85 KB   16/85 KB   20/85 KB   24/85 KB   28/85 KB   32/85 KB   36/85 KB   40/85 KB   44/85 KB   48/85 KB   52/85 KB   56/85 KB   60/85 KB   64/85 KB   68/85 KB   72/85 KB   76/85 KB   80/85 KB   84/85 KB   85/85 KB              Downloaded: https://repo.maven.apache.org/maven2/org/apache/maven/plugins/maven-help-plugin/3.2.0/maven-help-plugin-3.2.0.jar (85 KB at 1647.8 KB/sec)
Downloading: https://repo.maven.apache.org/maven2/org/apache/maven/plugins/maven-javadoc-plugin/3.1.1/maven-javadoc-plugin-3.1.1.pom
4/18 KB    8/18 KB   12/18 KB   16/18 KB   18/18 KB              Downloaded: https://repo.maven.apache.org/maven2/org/apache/maven/plugins/maven-javadoc-plugin/3.1.1/maven-javadoc-plugin-3.1.1.pom (18 KB at 414.6 KB/sec)
Downloading: https://repo.maven.apache.org/maven2/org/apache/maven/plugins/maven-javadoc-plugin/3.1.1/maven-javadoc-plugin-3.1.1.jar
4/470 KB   8/470 KB   12/470 KB   16/470 KB   20/470 KB   24/470 KB   28/470 KB   32/470 KB   36/470 KB   40/470 KB   44/470 KB   48/470 KB   52/470 KB   56/470 KB   60/470 KB   64/470 KB   68/470 KB   72/470 KB   76/470 KB   80/470 KB   84/470 KB   88/470 KB   92/470 KB   96/470 KB   100/470 KB   104/470 KB   108/470 KB   112/470 KB   116/470 KB   120/470 KB   124/470 KB   128/470 KB   132/470 KB   136/470 KB   140/470 KB   144/470 KB   148/470 KB   152/470 KB   156/470 KB   160/470 KB   164/470 KB   168/470 KB   172/470 KB   176/470 KB   180/470 KB   184/470 KB   188/470 KB   192/470 KB   196/470 KB   200/470 KB   204/470 KB   208/470 KB   212/470 KB   216/470 KB   220/470 KB   224/470 KB   228/470 KB   232/470 KB   236/470 KB   240/470 KB   244/470 KB   248/470 KB   252/470 KB   256/470 KB   260/470 KB   264/470 KB   268/470 KB   272/470 KB   276/470 KB   280/470 KB   284/470 KB   288/470 KB   292/470 KB   296/470 KB   300/470 KB   304/470 KB   308/470 KB   312/470 KB   316/470 KB   320/470 KB   324/470 KB   328/470 KB   332/470 KB   336/470 KB   340/470 KB   344/470 KB   348/470 KB   352/470 KB   356/470 KB   360/470 KB   364/470 KB   368/470 KB   372/470 KB   376/470 KB   380/470 KB   384/470 KB   388/470 KB   392/470 KB   396/470 KB   400/470 KB   404/470 KB   408/470 KB   412/470 KB   416/470 KB   420/470 KB   424/470 KB   428/470 KB   432/470 KB   436/470 KB   440/470 KB   444/470 KB   448/470 KB   452/470 KB   456/470 KB   460/470 KB   464/470 KB   468/470 KB   470/470 KB                Downloaded: https://repo.maven.apache.org/maven2/org/apache/maven/plugins/maven-javadoc-plugin/3.1.1/maven-javadoc-plugin-3.1.1.jar (470 KB at 5589.2 KB/sec)
Downloading: https://repo.maven.apache.org/maven2/org/apache/maven/plugins/maven-source-plugin/3.1.0/maven-source-plugin-3.1.0.pom
4/6 KB       6/6 KB            Downloaded: https://repo.maven.apache.org/maven2/org/apache/maven/plugins/maven-source-plugin/3.1.0/maven-source-plugin-3.1.0.pom (6 KB at 142.2 KB/sec)
Downloading: https://repo.maven.apache.org/maven2/org/apache/maven/plugins/maven-source-plugin/3.1.0/maven-source-plugin-3.1.0.jar
4/31 KB   8/31 KB   12/31 KB   16/31 KB   20/31 KB   24/31 KB   28/31 KB   31/31 KB              Downloaded: https://repo.maven.apache.org/maven2/org/apache/maven/plugins/maven-source-plugin/3.1.0/maven-source-plugin-3.1.0.jar (31 KB at 1024.9 KB/sec)
Downloading: https://repo.maven.apache.org/maven2/org/codehaus/mojo/build-helper-maven-plugin/3.0.0/build-helper-maven-plugin-3.0.0.pom
4/6 KB     6/6 KB            Downloaded: https://repo.maven.apache.org/maven2/org/codehaus/mojo/build-helper-maven-plugin/3.0.0/build-helper-maven-plugin-3.0.0.pom (6 KB at 201.6 KB/sec)
Downloading: https://repo.maven.apache.org/maven2/org/codehaus/mojo/build-helper-maven-plugin/3.0.0/build-helper-maven-plugin-3.0.0.jar
4/63 KB   8/63 KB   12/63 KB   16/63 KB   20/63 KB   24/63 KB   28/63 KB   32/63 KB   36/63 KB   40/63 KB   44/63 KB   48/63 KB   52/63 KB   56/63 KB   60/63 KB   63/63 KB              Downloaded: https://repo.maven.apache.org/maven2/org/codehaus/mojo/build-helper-maven-plugin/3.0.0/build-helper-maven-plugin-3.0.0.jar (63 KB at 1429.9 KB/sec)
Downloading: https://repo.maven.apache.org/maven2/org/codehaus/mojo/exec-maven-plugin/1.6.0/exec-maven-plugin-1.6.0.pom
4/13 KB    8/13 KB   12/13 KB   13/13 KB              Downloaded: https://repo.maven.apache.org/maven2/org/codehaus/mojo/exec-maven-plugin/1.6.0/exec-maven-plugin-1.6.0.pom (13 KB at 470.6 KB/sec)
Downloading: https://repo.maven.apache.org/maven2/org/codehaus/mojo/exec-maven-plugin/1.6.0/exec-maven-plugin-1.6.0.jar
4/57 KB    8/57 KB   12/57 KB   16/57 KB   20/57 KB   24/57 KB   28/57 KB   32/57 KB   36/57 KB   40/57 KB   44/57 KB   48/57 KB   52/57 KB   56/57 KB   57/57 KB              Downloaded: https://repo.maven.apache.org/maven2/org/codehaus/mojo/exec-maven-plugin/1.6.0/exec-maven-plugin-1.6.0.jar (57 KB at 1312.1 KB/sec)
Downloading: https://repo.maven.apache.org/maven2/org/codehaus/mojo/versions-maven-plugin/2.7/versions-maven-plugin-2.7.pom
4/17 KB    8/17 KB   12/17 KB   16/17 KB   17/17 KB              Downloaded: https://repo.maven.apache.org/maven2/org/codehaus/mojo/versions-maven-plugin/2.7/versions-maven-plugin-2.7.pom (17 KB at 474.8 KB/sec)
Downloading: https://repo.maven.apache.org/maven2/org/codehaus/mojo/versions-maven-plugin/2.7/versions-maven-plugin-2.7.jar
4/304 KB   8/304 KB   12/304 KB   16/304 KB   20/304 KB   24/304 KB   28/304 KB   32/304 KB   36/304 KB   40/304 KB   44/304 KB   48/304 KB   52/304 KB   56/304 KB   60/304 KB   64/304 KB   68/304 KB   72/304 KB   76/304 KB   80/304 KB   84/304 KB   88/304 KB   92/304 KB   96/304 KB   100/304 KB   104/304 KB   108/304 KB   112/304 KB   116/304 KB   120/304 KB   124/304 KB   128/304 KB   132/304 KB   136/304 KB   140/304 KB   144/304 KB   148/304 KB   152/304 KB   156/304 KB   160/304 KB   164/304 KB   168/304 KB   172/304 KB   176/304 KB   180/304 KB   184/304 KB   188/304 KB   192/304 KB   196/304 KB   200/304 KB   204/304 KB   208/304 KB   212/304 KB   214/304 KB   218/304 KB   222/304 KB   226/304 KB   230/304 KB   234/304 KB   238/304 KB   242/304 KB   246/304 KB   250/304 KB   254/304 KB   258/304 KB   262/304 KB   266/304 KB   270/304 KB   274/304 KB   278/304 KB   282/304 KB   286/304 KB   290/304 KB   294/304 KB   298/304 KB   302/304 KB   304/304 KB                Downloaded: https://repo.maven.apache.org/maven2/org/codehaus/mojo/versions-maven-plugin/2.7/versions-maven-plugin-2.7.jar (304 KB at 4968.5 KB/sec)
Downloading: https://repo.maven.apache.org/maven2/org/codehaus/mojo/xml-maven-plugin/1.0.2/xml-maven-plugin-1.0.2.pom
4/9 KB       8/9 KB   9/9 KB            Downloaded: https://repo.maven.apache.org/maven2/org/codehaus/mojo/xml-maven-plugin/1.0.2/xml-maven-plugin-1.0.2.pom (9 KB at 334.0 KB/sec)
Downloading: https://repo.maven.apache.org/maven2/org/codehaus/mojo/xml-maven-plugin/1.0.2/xml-maven-plugin-1.0.2.jar
4/63 KB   8/63 KB   12/63 KB   16/63 KB   20/63 KB   24/63 KB   28/63 KB   32/63 KB   36/63 KB   40/63 KB   44/63 KB   48/63 KB   52/63 KB   56/63 KB   60/63 KB   63/63 KB              Downloaded: https://repo.maven.apache.org/maven2/org/codehaus/mojo/xml-maven-plugin/1.0.2/xml-maven-plugin-1.0.2.jar (63 KB at 1796.0 KB/sec)
Downloading: https://repo.maven.apache.org/maven2/org/codehaus/mojo/flatten-maven-plugin/1.1.0/flatten-maven-plugin-1.1.0.pom
4/10 KB    8/10 KB   10/10 KB              Downloaded: https://repo.maven.apache.org/maven2/org/codehaus/mojo/flatten-maven-plugin/1.1.0/flatten-maven-plugin-1.1.0.pom (10 KB at 360.0 KB/sec)
Downloading: https://repo.maven.apache.org/maven2/org/codehaus/mojo/flatten-maven-plugin/1.1.0/flatten-maven-plugin-1.1.0.jar
4/103 KB   8/103 KB   12/103 KB   16/103 KB   20/103 KB   24/103 KB   28/103 KB   32/103 KB   36/103 KB   40/103 KB   44/103 KB   48/103 KB   52/103 KB   56/103 KB   60/103 KB   64/103 KB   68/103 KB   72/103 KB   76/103 KB   80/103 KB   84/103 KB   88/103 KB   92/103 KB   96/103 KB   100/103 KB   103/103 KB                Downloaded: https://repo.maven.apache.org/maven2/org/codehaus/mojo/flatten-maven-plugin/1.1.0/flatten-maven-plugin-1.1.0.jar (103 KB at 2129.0 KB/sec)
Downloading: https://repo.maven.apache.org/maven2/org/flywaydb/flyway-maven-plugin/6.0.8/flyway-maven-plugin-6.0.8.pom
4/5 KB       5/5 KB            Downloaded: https://repo.maven.apache.org/maven2/org/flywaydb/flyway-maven-plugin/6.0.8/flyway-maven-plugin-6.0.8.pom (5 KB at 141.9 KB/sec)
Downloading: https://repo.maven.apache.org/maven2/org/flywaydb/flyway-maven-plugin/6.0.8/flyway-maven-plugin-6.0.8.jar
4/104 KB   8/104 KB   12/104 KB   16/104 KB   20/104 KB   24/104 KB   28/104 KB   32/104 KB   36/104 KB   40/104 KB   44/104 KB   48/104 KB   52/104 KB   56/104 KB   60/104 KB   64/104 KB   68/104 KB   72/104 KB   76/104 KB   80/104 KB   84/104 KB   88/104 KB   92/104 KB   96/104 KB   100/104 KB   104/104 KB                Downloaded: https://repo.maven.apache.org/maven2/org/flywaydb/flyway-maven-plugin/6.0.8/flyway-maven-plugin-6.0.8.jar (104 KB at 2346.1 KB/sec)
Downloading: https://repo.maven.apache.org/maven2/org/infinispan/infinispan-protocol-parser-generator-maven-plugin/9.4.18.Final/infinispan-protocol-parser-generator-maven-plugin-9.4.18.Final.pom
2/2 KB                Downloaded: https://repo.maven.apache.org/maven2/org/infinispan/infinispan-protocol-parser-generator-maven-plugin/9.4.18.Final/infinispan-protocol-parser-generator-maven-plugin-9.4.18.Final.pom (2 KB at 48.0 KB/sec)
Downloading: https://repo.maven.apache.org/maven2/org/infinispan/infinispan-parent/9.4.18.Final/infinispan-parent-9.4.18.Final.pom
4/285 KB   8/285 KB   12/285 KB   16/285 KB   20/285 KB   24/285 KB   28/285 KB   32/285 KB   36/285 KB   40/285 KB   44/285 KB   48/285 KB   52/285 KB   56/285 KB   60/285 KB   64/285 KB   68/285 KB   72/285 KB   76/285 KB   80/285 KB   84/285 KB   88/285 KB   92/285 KB   96/285 KB   100/285 KB   104/285 KB   108/285 KB   112/285 KB   116/285 KB   120/285 KB   124/285 KB   128/285 KB   132/285 KB   136/285 KB   140/285 KB   144/285 KB   148/285 KB   152/285 KB   156/285 KB   160/285 KB   164/285 KB   168/285 KB   172/285 KB   176/285 KB   180/285 KB   184/285 KB   188/285 KB   192/285 KB   196/285 KB   200/285 KB   204/285 KB   208/285 KB   212/285 KB   216/285 KB   220/285 KB   224/285 KB   228/285 KB   232/285 KB   236/285 KB   240/285 KB   244/285 KB   248/285 KB   250/285 KB   254/285 KB   258/285 KB   262/285 KB   266/285 KB   270/285 KB   274/285 KB   278/285 KB   282/285 KB   285/285 KB                Downloaded: https://repo.maven.apache.org/maven2/org/infinispan/infinispan-parent/9.4.18.Final/infinispan-parent-9.4.18.Final.pom (285 KB at 4997.7 KB/sec)
Downloading: https://repo.maven.apache.org/maven2/org/infinispan/infinispan-build-configuration-parent/9.4.18.Final/infinispan-build-configuration-parent-9.4.18.Final.pom
4/15 KB      8/15 KB   12/15 KB   15/15 KB              Downloaded: https://repo.maven.apache.org/maven2/org/infinispan/infinispan-build-configuration-parent/9.4.18.Final/infinispan-build-configuration-parent-9.4.18.Final.pom (15 KB at 497.5 KB/sec)
Downloading: https://repo.maven.apache.org/maven2/org/infinispan/infinispan-bom/9.4.18.Final/infinispan-bom-9.4.18.Final.pom
4/24 KB    8/24 KB   12/24 KB   16/24 KB   20/24 KB   24/24 KB              Downloaded: https://repo.maven.apache.org/maven2/org/infinispan/infinispan-bom/9.4.18.Final/infinispan-bom-9.4.18.Final.pom (24 KB at 779.2 KB/sec)
Downloading: https://repo.maven.apache.org/maven2/org/infinispan/infinispan-protocol-parser-generator-maven-plugin/9.4.18.Final/infinispan-protocol-parser-generator-maven-plugin-9.4.18.Final.jar
4/51 KB    8/51 KB   12/51 KB   16/51 KB   20/51 KB   24/51 KB   28/51 KB   32/51 KB   36/51 KB   40/51 KB   44/51 KB   48/51 KB   51/51 KB              Downloaded: https://repo.maven.apache.org/maven2/org/infinispan/infinispan-protocol-parser-generator-maven-plugin/9.4.18.Final/infinispan-protocol-parser-generator-maven-plugin-9.4.18.Final.jar (51 KB at 1305.6 KB/sec)
Downloading: https://repo.maven.apache.org/maven2/pl/project13/maven/git-commit-id-plugin/3.0.1/git-commit-id-plugin-3.0.1.pom
4/18 KB    8/18 KB   12/18 KB   16/18 KB   18/18 KB              Downloaded: https://repo.maven.apache.org/maven2/pl/project13/maven/git-commit-id-plugin/3.0.1/git-commit-id-plugin-3.0.1.pom (18 KB at 608.1 KB/sec)
Downloading: https://repo.maven.apache.org/maven2/pl/project13/maven/git-commit-id-plugin/3.0.1/git-commit-id-plugin-3.0.1.jar
4/118 KB   8/118 KB   12/118 KB   16/118 KB   20/118 KB   24/118 KB   28/118 KB   32/118 KB   36/118 KB   40/118 KB   44/118 KB   48/118 KB   52/118 KB   56/118 KB   60/118 KB   64/118 KB   68/118 KB   72/118 KB   76/118 KB   80/118 KB   84/118 KB   88/118 KB   92/118 KB   96/118 KB   100/118 KB   104/118 KB   108/118 KB   112/118 KB   116/118 KB   118/118 KB                Downloaded: https://repo.maven.apache.org/maven2/pl/project13/maven/git-commit-id-plugin/3.0.1/git-commit-id-plugin-3.0.1.jar (118 KB at 2786.1 KB/sec)
Downloading: https://repo.maven.apache.org/maven2/org/apache/maven/plugins/maven-metadata.xml
Downloading: https://repo.maven.apache.org/maven2/org/codehaus/mojo/maven-metadata.xml
4/14 KB      8/14 KB   12/14 KB   14/14 KB              Downloaded: https://repo.maven.apache.org/maven2/org/apache/maven/plugins/maven-metadata.xml (14 KB at 491.5 KB/sec)
2/20 KB    3/20 KB   5/20 KB   6/20 KB   7/20 KB   9/20 KB   10/20 KB   11/20 KB   13/20 KB   14/20 KB   15/20 KB   17/20 KB   18/20 KB   19/20 KB   20/20 KB              Downloaded: https://repo.maven.apache.org/maven2/org/codehaus/mojo/maven-metadata.xml (20 KB at 263.0 KB/sec)
Downloading: https://repo.maven.apache.org/maven2/org/codehaus/mojo/sonar-maven-plugin/maven-metadata.xml
2/2 KB              Downloaded: https://repo.maven.apache.org/maven2/org/codehaus/mojo/sonar-maven-plugin/maven-metadata.xml (2 KB at 44.5 KB/sec)
Downloading: https://repo.maven.apache.org/maven2/org/codehaus/mojo/sonar-maven-plugin/3.9.0.2155/sonar-maven-plugin-3.9.0.2155.pom
2/2 KB            Downloaded: https://repo.maven.apache.org/maven2/org/codehaus/mojo/sonar-maven-plugin/3.9.0.2155/sonar-maven-plugin-3.9.0.2155.pom (2 KB at 31.6 KB/sec)
Downloading: https://repo.maven.apache.org/maven2/org/sonarsource/scanner/maven/sonar-maven-plugin/3.9.0.2155/sonar-maven-plugin-3.9.0.2155.pom
2/12 KB   3/12 KB   5/12 KB   6/12 KB   7/12 KB   9/12 KB   10/12 KB   11/12 KB   12/12 KB              Downloaded: https://repo.maven.apache.org/maven2/org/sonarsource/scanner/maven/sonar-maven-plugin/3.9.0.2155/sonar-maven-plugin-3.9.0.2155.pom (12 KB at 418.8 KB/sec)
Downloading: https://repo.maven.apache.org/maven2/org/sonarsource/parent/parent/59.0.29/parent-59.0.29.pom
2/31 KB    3/31 KB   5/31 KB   6/31 KB   7/31 KB   9/31 KB   10/31 KB   11/31 KB   13/31 KB   14/31 KB   15/31 KB   17/31 KB   18/31 KB   19/31 KB   21/31 KB   22/31 KB   23/31 KB   25/31 KB   26/31 KB   27/31 KB   29/31 KB   30/31 KB   31/31 KB   31/31 KB              Downloaded: https://repo.maven.apache.org/maven2/org/sonarsource/parent/parent/59.0.29/parent-59.0.29.pom (31 KB at 1031.7 KB/sec)
Downloading: https://repo.maven.apache.org/maven2/org/sonarsource/scanner/maven/sonar-maven-plugin/3.9.0.2155/sonar-maven-plugin-3.9.0.2155.jar
2/49 KB    3/49 KB   5/49 KB   6/49 KB   7/49 KB   9/49 KB   10/49 KB   11/49 KB   13/49 KB   14/49 KB   15/49 KB   17/49 KB   18/49 KB   19/49 KB   21/49 KB   22/49 KB   23/49 KB   25/49 KB   26/49 KB   27/49 KB   29/49 KB   30/49 KB   31/49 KB   33/49 KB   34/49 KB   35/49 KB   37/49 KB   38/49 KB   39/49 KB   41/49 KB   42/49 KB   43/49 KB   45/49 KB   46/49 KB   47/49 KB   49/49 KB   49/49 KB              Downloaded: https://repo.maven.apache.org/maven2/org/sonarsource/scanner/maven/sonar-maven-plugin/3.9.0.2155/sonar-maven-plugin-3.9.0.2155.jar (49 KB at 1564.9 KB/sec)
[INFO]                                                                         
[INFO] ------------------------------------------------------------------------
[INFO] Building webapp 0.0.1-SNAPSHOT
[INFO] ------------------------------------------------------------------------
[INFO] 
[INFO] --- sonar-maven-plugin:3.9.0.2155:sonar (default-cli) @ webapp ---
Downloading: https://repo.maven.apache.org/maven2/org/sonatype/plexus/plexus-sec-dispatcher/1.4/plexus-sec-dispatcher-1.4.pom
2/3 KB     3/3 KB   3/3 KB            Downloaded: https://repo.maven.apache.org/maven2/org/sonatype/plexus/plexus-sec-dispatcher/1.4/plexus-sec-dispatcher-1.4.pom (3 KB at 111.2 KB/sec)
Downloading: https://repo.maven.apache.org/maven2/org/codehaus/plexus/plexus-utils/3.2.1/plexus-utils-3.2.1.pom
2/6 KB   3/6 KB   5/6 KB   6/6 KB            Downloaded: https://repo.maven.apache.org/maven2/org/codehaus/plexus/plexus-utils/3.2.1/plexus-utils-3.2.1.pom (6 KB at 163.0 KB/sec)
Downloading: https://repo.maven.apache.org/maven2/org/sonarsource/scanner/api/sonar-scanner-api/2.16.1.361/sonar-scanner-api-2.16.1.361.pom
2/6 KB   3/6 KB   5/6 KB   6/6 KB            Downloaded: https://repo.maven.apache.org/maven2/org/sonarsource/scanner/api/sonar-scanner-api/2.16.1.361/sonar-scanner-api-2.16.1.361.pom (6 KB at 201.7 KB/sec)
Downloading: https://repo.maven.apache.org/maven2/org/sonarsource/scanner/api/sonar-scanner-api-parent/2.16.1.361/sonar-scanner-api-parent-2.16.1.361.pom
2/5 KB   3/5 KB   5/5 KB   5/5 KB            Downloaded: https://repo.maven.apache.org/maven2/org/sonarsource/scanner/api/sonar-scanner-api-parent/2.16.1.361/sonar-scanner-api-parent-2.16.1.361.pom (5 KB at 126.3 KB/sec)
Downloading: https://repo.maven.apache.org/maven2/org/codehaus/plexus/plexus-utils/3.2.1/plexus-utils-3.2.1.jar
Downloading: https://repo.maven.apache.org/maven2/org/sonatype/plexus/plexus-sec-dispatcher/1.4/plexus-sec-dispatcher-1.4.jar
Downloading: https://repo.maven.apache.org/maven2/org/sonarsource/scanner/api/sonar-scanner-api/2.16.1.361/sonar-scanner-api-2.16.1.361.jar
2/256 KB   3/256 KB   5/256 KB   6/256 KB   7/256 KB   9/256 KB   10/256 KB   11/256 KB   13/256 KB   14/256 KB   15/256 KB   17/256 KB   18/256 KB   19/256 KB   21/256 KB   22/256 KB   23/256 KB   25/256 KB   26/256 KB   27/256 KB   29/256 KB   30/256 KB   31/256 KB   33/256 KB   34/256 KB   35/256 KB   37/256 KB   38/256 KB   39/256 KB   41/256 KB   42/256 KB   43/256 KB   45/256 KB   46/256 KB   47/256 KB   49/256 KB   50/256 KB   51/256 KB   53/256 KB   54/256 KB   55/256 KB   57/256 KB   57/256 KB   4/611 KB   58/256 KB   4/611 KB   58/256 KB   8/611 KB   58/256 KB   12/611 KB   59/256 KB   12/611 KB   59/256 KB   16/611 KB   61/256 KB   16/611 KB   62/256 KB   16/611 KB   63/256 KB   16/611 KB   65/256 KB   16/611 KB   66/256 KB   16/611 KB   67/256 KB   16/611 KB   69/256 KB   16/611 KB   70/256 KB   16/611 KB   71/256 KB   16/611 KB   71/256 KB   20/611 KB   71/256 KB   24/611 KB   71/256 KB   28/611 KB   71/256 KB   32/611 KB   71/256 KB   36/611 KB   71/256 KB   40/611 KB   71/256 KB   44/611 KB   71/256 KB   48/611 KB   73/256 KB   48/611 KB   74/256 KB   48/611 KB   75/256 KB   48/611 KB   77/256 KB   48/611 KB   78/256 KB   48/611 KB   79/256 KB   48/611 KB   81/256 KB   48/611 KB   82/256 KB   48/611 KB   84/256 KB   48/611 KB   85/256 KB   48/611 KB   86/256 KB   48/611 KB   88/256 KB   48/611 KB   89/256 KB   48/611 KB   90/256 KB   48/611 KB   92/256 KB   48/611 KB   92/256 KB   52/611 KB   92/256 KB   56/611 KB   92/256 KB   60/611 KB   92/256 KB   64/611 KB   93/256 KB   64/611 KB   94/256 KB   64/611 KB   96/256 KB   64/611 KB   97/256 KB   64/611 KB   98/256 KB   64/611 KB   100/256 KB   64/611 KB   101/256 KB   64/611 KB   102/256 KB   64/611 KB   104/256 KB   64/611 KB   105/256 KB   64/611 KB   106/256 KB   64/611 KB   108/256 KB   64/611 KB   109/256 KB   64/611 KB   110/256 KB   64/611 KB   112/256 KB   64/611 KB   113/256 KB   64/611 KB   114/256 KB   64/611 KB   116/256 KB   64/611 KB   116/256 KB   68/611 KB   116/256 KB   72/611 KB   116/256 KB   76/611 KB   116/256 KB   80/611 KB   117/256 KB   80/611 KB   118/256 KB   80/611 KB   120/256 KB   80/611 KB   121/256 KB   80/611 KB   122/256 KB   80/611 KB   124/256 KB   80/611 KB   125/256 KB   80/611 KB   126/256 KB   80/611 KB   128/256 KB   80/611 KB   129/256 KB   80/611 KB   130/256 KB   80/611 KB   132/256 KB   80/611 KB   133/256 KB   80/611 KB   134/256 KB   80/611 KB   136/256 KB   80/611 KB   136/256 KB   84/611 KB   137/256 KB   84/611 KB   137/256 KB   88/611 KB   138/256 KB   88/611 KB   138/256 KB   92/611 KB   140/256 KB   92/611 KB   140/256 KB   96/611 KB   141/256 KB   96/611 KB   142/256 KB   96/611 KB   144/256 KB   96/611 KB   145/256 KB   96/611 KB   146/256 KB   96/611 KB   148/256 KB   96/611 KB   149/256 KB   96/611 KB   150/256 KB   96/611 KB   152/256 KB   96/611 KB   153/256 KB   96/611 KB   154/256 KB   96/611 KB   156/256 KB   96/611 KB   157/256 KB   96/611 KB   158/256 KB   96/611 KB   158/256 KB   100/611 KB   158/256 KB   104/611 KB   160/256 KB   104/611 KB   160/256 KB   108/611 KB   160/256 KB   112/611 KB   161/256 KB   112/611 KB   163/256 KB   112/611 KB   164/256 KB   112/611 KB   165/256 KB   112/611 KB   167/256 KB   112/611 KB   168/256 KB   112/611 KB   169/256 KB   112/611 KB   171/256 KB   112/611 KB   172/256 KB   112/611 KB   173/256 KB   112/611 KB   175/256 KB   112/611 KB   176/256 KB   112/611 KB   177/256 KB   112/611 KB   179/256 KB   112/611 KB   180/256 KB   112/611 KB   181/256 KB   112/611 KB   183/256 KB   112/611 KB   184/256 KB   112/611 KB   185/256 KB   112/611 KB   187/256 KB   112/611 KB   188/256 KB   112/611 KB   189/256 KB   112/611 KB   191/256 KB   112/611 KB   192/256 KB   112/611 KB   193/256 KB   112/611 KB   195/256 KB   112/611 KB   196/256 KB   112/611 KB   197/256 KB   112/611 KB   199/256 KB   112/611 KB   200/256 KB   112/611 KB   201/256 KB   112/611 KB   201/256 KB   116/611 KB   203/256 KB   116/611 KB   203/256 KB   120/611 KB   204/256 KB   120/611 KB   204/256 KB   124/611 KB   204/256 KB   128/611 KB   205/256 KB   128/611 KB   207/256 KB   128/611 KB   208/256 KB   128/611 KB   209/256 KB   128/611 KB   211/256 KB   128/611 KB   212/256 KB   128/611 KB   213/256 KB   128/611 KB   215/256 KB   128/611 KB   216/256 KB   128/611 KB   217/256 KB   128/611 KB   219/256 KB   128/611 KB   220/256 KB   128/611 KB   221/256 KB   128/611 KB   223/256 KB   128/611 KB   224/256 KB   128/611 KB   225/256 KB   128/611 KB   227/256 KB   128/611 KB   228/256 KB   128/611 KB   229/256 KB   128/611 KB   231/256 KB   128/611 KB   232/256 KB   128/611 KB   233/256 KB   128/611 KB   235/256 KB   128/611 KB   236/256 KB   128/611 KB   237/256 KB   128/611 KB   239/256 KB   128/611 KB   239/256 KB   132/611 KB   240/256 KB   132/611 KB   240/256 KB   136/611 KB   240/256 KB   140/611 KB   240/256 KB   144/611 KB   241/256 KB   144/611 KB   243/256 KB   144/611 KB   244/256 KB   144/611 KB   246/256 KB   144/611 KB   247/256 KB   144/611 KB   248/256 KB   144/611 KB   250/256 KB   144/611 KB   251/256 KB   144/611 KB   252/256 KB   144/611 KB   254/256 KB   144/611 KB   254/256 KB   148/611 KB   254/256 KB   152/611 KB   254/256 KB   156/611 KB   254/256 KB   160/611 KB   255/256 KB   160/611 KB   256/256 KB   160/611 KB   256/256 KB   164/611 KB   256/256 KB   168/611 KB   256/256 KB   172/611 KB   256/256 KB   176/611 KB   256/256 KB   180/611 KB   256/256 KB   184/611 KB   256/256 KB   188/611 KB   256/256 KB   192/611 KB   256/256 KB   196/611 KB   256/256 KB   200/611 KB   256/256 KB   204/611 KB   256/256 KB   208/611 KB   256/256 KB   212/611 KB   256/256 KB   216/611 KB   256/256 KB   220/611 KB   256/256 KB   224/611 KB   256/256 KB   228/611 KB   256/256 KB   232/611 KB   256/256 KB   236/611 KB   256/256 KB   240/611 KB   256/256 KB   244/611 KB   256/256 KB   248/611 KB   256/256 KB   252/611 KB   256/256 KB   256/611 KB   256/256 KB   260/611 KB   256/256 KB   264/611 KB   256/256 KB   268/611 KB   256/256 KB   272/611 KB   256/256 KB   276/611 KB   256/256 KB   280/611 KB   256/256 KB   284/611 KB   256/256 KB   288/611 KB   256/256 KB   292/611 KB   256/256 KB   296/611 KB   256/256 KB   300/611 KB   256/256 KB   304/611 KB   256/256 KB   308/611 KB   256/256 KB   312/611 KB   256/256 KB   316/611 KB   256/256 KB   320/611 KB   256/256 KB   324/611 KB   256/256 KB   328/611 KB   256/256 KB   332/611 KB   256/256 KB   336/611 KB   256/256 KB   340/611 KB   256/256 KB   344/611 KB   256/256 KB   348/611 KB   256/256 KB   352/611 KB   256/256 KB   356/611 KB                             360/611 KB                364/611 KB   368/611 KB   2/28 KB   368/611 KB   3/28 KB   368/611 KB   5/28 KB   368/611 KB   6/28 KB   368/611 KB   7/28 KB   368/611 KB   9/28 KB   368/611 KB   10/28 KB   368/611 KB   11/28 KB   368/611 KB   13/28 KB   368/611 KB   14/28 KB   368/611 KB   15/28 KB   368/611 KB   17/28 KB   368/611 KB   18/28 KB   368/611 KB   19/28 KB   368/611 KB   21/28 KB   368/611 KB   Downloaded: https://repo.maven.apache.org/maven2/org/codehaus/plexus/plexus-utils/3.2.1/plexus-utils-3.2.1.jar (256 KB at 3994.8 KB/sec)
21/28 KB   372/611 KB   21/28 KB   376/611 KB   21/28 KB   380/611 KB   21/28 KB   384/611 KB   21/28 KB   388/611 KB   21/28 KB   392/611 KB   21/28 KB   393/611 KB   22/28 KB   393/611 KB   23/28 KB   393/611 KB   25/28 KB   393/611 KB   26/28 KB   393/611 KB   26/28 KB   397/611 KB   26/28 KB   401/611 KB   26/28 KB   405/611 KB   27/28 KB   405/611 KB   27/28 KB   409/611 KB   28/28 KB   409/611 KB   28/28 KB   413/611 KB   28/28 KB   417/611 KB   28/28 KB   421/611 KB   28/28 KB   425/611 KB   28/28 KB   429/611 KB   28/28 KB   433/611 KB   28/28 KB   437/611 KB   28/28 KB   441/611 KB   28/28 KB   445/611 KB   28/28 KB   449/611 KB   28/28 KB   453/611 KB   28/28 KB   457/611 KB   28/28 KB   461/611 KB   28/28 KB   465/611 KB   28/28 KB   469/611 KB   28/28 KB   473/611 KB   28/28 KB   477/611 KB   28/28 KB   481/611 KB   28/28 KB   485/611 KB   28/28 KB   489/611 KB   28/28 KB   493/611 KB   28/28 KB   497/611 KB   28/28 KB   501/611 KB   28/28 KB   505/611 KB   28/28 KB   509/611 KB   28/28 KB   513/611 KB   28/28 KB   517/611 KB   28/28 KB   521/611 KB   28/28 KB   525/611 KB   28/28 KB   529/611 KB   28/28 KB   533/611 KB   28/28 KB   537/611 KB   28/28 KB   541/611 KB   28/28 KB   545/611 KB   28/28 KB   549/611 KB   28/28 KB   553/611 KB   28/28 KB   557/611 KB   28/28 KB   561/611 KB   28/28 KB   565/611 KB   28/28 KB   569/611 KB   28/28 KB   573/611 KB   28/28 KB   577/611 KB   28/28 KB   581/611 KB   28/28 KB   585/611 KB   28/28 KB   589/611 KB   28/28 KB   593/611 KB   28/28 KB   597/611 KB   28/28 KB   601/611 KB   28/28 KB   605/611 KB   28/28 KB   609/611 KB   28/28 KB   611/611 KB                           Downloaded: https://repo.maven.apache.org/maven2/org/sonatype/plexus/plexus-sec-dispatcher/1.4/plexus-sec-dispatcher-1.4.jar (28 KB at 294.1 KB/sec)
                        Downloaded: https://repo.maven.apache.org/maven2/org/sonarsource/scanner/api/sonar-scanner-api/2.16.1.361/sonar-scanner-api-2.16.1.361.jar (611 KB at 6360.7 KB/sec)
[INFO] User cache: /home/labuser/.sonar/cache
[INFO] SonarQube version: 9.0.0
[INFO] Default locale: "en_US", source code encoding: "UTF-8"
[INFO] ------------------------------------------------------------------------
[INFO] BUILD FAILURE
[INFO] ------------------------------------------------------------------------
[INFO] Total time: 6.364 s
[INFO] Finished at: 2021-07-13T05:35:30+00:00
[INFO] Final Memory: 33M/271M
[INFO] ------------------------------------------------------------------------
[ERROR] Failed to execute goal org.sonarsource.scanner.maven:sonar-maven-plugin:3.9.0.2155:sonar (default-cli) on project webapp: Execution default-cli of goal org.sonarsource.scanner.maven:sonar-maven-plugin:3.9.0.2155:sonar failed: An API incompatibility was encountered while executing org.sonarsource.scanner.maven:sonar-maven-plugin:3.9.0.2155:sonar: java.lang.UnsupportedClassVersionError: org/sonar/batch/bootstrapper/EnvironmentInformation has been compiled by a more recent version of the Java Runtime (class file version 55.0), this version of the Java Runtime only recognizes class file versions up to 52.0
[ERROR] -----------------------------------------------------
[ERROR] realm =    plugin>org.codehaus.mojo:sonar-maven-plugin:3.9.0.2155
[ERROR] strategy = org.codehaus.plexus.classworlds.strategy.SelfFirstStrategy
[ERROR] urls[0] = file:/home/labuser/.m2/repository/org/sonarsource/scanner/maven/sonar-maven-plugin/3.9.0.2155/sonar-maven-plugin-3.9.0.2155.jar
[ERROR] urls[1] = file:/home/labuser/.m2/repository/org/sonatype/plexus/plexus-sec-dispatcher/1.4/plexus-sec-dispatcher-1.4.jar
[ERROR] urls[2] = file:/home/labuser/.m2/repository/org/sonatype/plexus/plexus-cipher/1.4/plexus-cipher-1.4.jar
[ERROR] urls[3] = file:/home/labuser/.m2/repository/org/codehaus/plexus/plexus-utils/3.2.1/plexus-utils-3.2.1.jar
[ERROR] urls[4] = file:/home/labuser/.m2/repository/org/sonarsource/scanner/api/sonar-scanner-api/2.16.1.361/sonar-scanner-api-2.16.1.361.jar
[ERROR] urls[5] = file:/home/labuser/.m2/repository/commons-lang/commons-lang/2.6/commons-lang-2.6.jar
[ERROR] Number of foreign imports: 1
[ERROR] import: Entry[import  from realm ClassRealm[maven.api, parent: null]]
[ERROR] 
[ERROR] -----------------------------------------------------
[ERROR] -> [Help 1]
[ERROR] 
[ERROR] To see the full stack trace of the errors, re-run Maven with the -e switch.
[ERROR] Re-run Maven using the -X switch to enable full debug logging.
[ERROR] 
[ERROR] For more information about the errors and possible solutions, please read the following articles:
[ERROR] [Help 1] http://cwiki.apache.org/confluence/display/MAVEN/PluginContainerException
[8mha:////4H2gvDb2uIVP4+vq8HUzp9rVcFzoZCQdcAkMdzlXZWumAAAApR+LCAAAAAAAAP9tjTEOwjAQBC9BFLSUPOIiUSAkRJXWcsMLTGyME+vO2A5JxYv4Gn8gEImKLVY728zzBcsU4cjRYmuoc5Qah8H3dlo4cOwungds+YwNU2JvUJpBsjb1jJKzgTlFCQsBK0ON5+TIZliLVt1V5RXZ6pTj9B0ElE7f4AGFmMxZxfyFMcLm2uvE9PP8FcAYQoZyu//U7g2/yR8JvgAAAA==[0m[Pipeline] }
WARN: Unable to locate 'report-task.txt' in the workspace. Did the SonarScanner succeed?
[8mha:////4DHfABLEIzo+w1sVZk4GZhiSoSyPwl84yfo0lb9siibkAAAApR+LCAAAAAAAAP9tjTEOwjAQBC9BFLSUPOIiIVEgRJXWcsMLTGyME+vO2A5JxYv4Gn8gEImKLVY728zzBcsU4cjRYmuoc5Qah8H3dlo4cOwungds+YwNU2JvUJpBsjb1jJKzgTlFCQsBK0ON5+TIZliLVt1V5RXZ6pTj9B0ElE7f4AGFmMxZxfyFMcLm2uvE9PP8FcAYQoZyu//U7g2gS0pbvgAAAA==[0m[Pipeline] // withSonarQubeEnv
[8mha:////4JE8XYY8HD2yijiopMyDBbZkERFJYFgAw67NkibT8fPAAAAApB+LCAAAAAAAAP9tjTEOwjAQBC9BFLSUPOKCgA6lorXc8AKTGOPEugu2g1PxIr7GH7CIRMUWq51t5vWGZfBQszfYaeothcbi4EaTFyb2/dVxwo4v2DAFdhqlTpJbfZpRctQwpyhhIWClqXEcLJkIa9Gph6qcIlOdo8/fUUBp2zs8oRDZHJWPX5g8bG5jG5h+nr8CmIYhQrnf5todPkohNa2+AAAA[0m[Pipeline] }
[8mha:////4GveFuN3hEsSr+CP2jxKjT+mec81zjy14IddFGYTUo5yAAAApB+LCAAAAAAAAP9tjTEOwjAQBC9BFLSUPOIiSImo0lppeIGJjXFi3RnbIal4EV/jD1hEomKL1c4283rDOgY4cTDYaxosxc6id6PJCycOw9XxhD1fsGOK7DS2empZ6WbBlpOGJUUJKwEbTZ3jaMkk2IpePmTlJJnqnEL+jgJKq+7whEJkc5IhfWEOsLuNKjL9PH8FMHufoKz3uQ71B0xnDfi+AAAA[0m[Pipeline] // stage
[8mha:////4FUFLkC0JMEMnBTLZGNlwgzdpHVBDFAR4W63y0tid93FAAAApB+LCAAAAAAAAP9tjTEOwjAQBC9BFLSUPOIiSImo0lppeIGJjXFi3RnbIal4EV/jD1hEomKL1c4283rDOgY4cTDYaxosxc6id6PJCycOw9XxhD1fsGOK7DS2empZ6WbBlpOGJUUJKwEbTZ3jaMkk2IpePmTlJJnqnEL+jgJKq+7whEJkc5IhfWEOsLuNKjL9PH8FMHufoKwPufb1ByFGtFW+AAAA[0m[Pipeline] }
[8mha:////4PXU65rD4nNPOHPycexqG7b5cumT7+ha1YyASCGZ8/zdAAAApB+LCAAAAAAAAP9tjTEOwjAQBC9BFLSUPOIiSImo0lppeIGJjXFi3RnbIal4EV/jD1hEomKL1c4283rDOgY4cTDYaxosxc6id6PJCycOw9XxhD1fsGOK7DS2empZ6WbBlpOGJUUJKwEbTZ3jaMkk2IpePmTlJJnqnEL+jgJKq+7whEJkc5IhfWEOsLuNKjL9PH8FMHufoKzrXPvDBxKl7+m+AAAA[0m[Pipeline] // withEnv
[8mha:////4IlU3SVuJAtZcrZwksGEgVtbEq7UzQXzsOedyX8Kvy+rAAAApB+LCAAAAAAAAP9tjTEOwjAQBC9BFLSUPOKiCDpEldZKwwtMbIwT687YDknFi/gaf8AiEhVbrHa2mdcb1jHAiYPBXtNgKXYWvRtNXjhxGK6OJ+z5gh1TZKex1VPLSjcLtpw0LClKWAnYaOocR0smwVb08iErJ8lU5xTydxRQWnWHJxQim5MM6QtzgN1tVJHp5/krgNn7BOX+kKuuPxDE422+AAAA[0m[Pipeline] }
[8mha:////4GaRtnfFAFnLWSErlNdU7cItx8GK5hY/FXgyJ8Xj0UAZAAAApR+LCAAAAAAAAP9tjTEOwjAQBC9BFLSUPOICQlQoFa3lhheYxBgn1l2wHZyKF/E1/oBFJCq2WO1sM683LIOHmr3BTlNvKTQWBzeavDCx76+OE3Z8wYYpsNModZLc6tOMkqOGOUUJCwErTY3jYMlEWItOPVTlFJnqHH3+jgJK297hCYXI5qh8/MLkYXMb28D08/wVwDQMEcr9Iddu+wEjJ7jRvgAAAA==[0m[Pipeline] // withEnv
[8mha:////4L8h89osQS/o6+uFgBte/7R7JkNUZ/zZ1APeWMLL0Qh7AAAAox+LCAAAAAAAAP9tjTEOwjAQBDdBFLSUPMIpQDSIitZKwwtMYowT6y7YF5KKF/E1/kBEJCq22plmXm8sU8SRo1ONpdZTqrzqQu+mpwaO7TXwoBq+qIopcbCqtEPJtT3NWLJYzMtyLDRWlqrAyZMTrHVjHqYIhlxxlji5g0bu6zueyPRUFhPlC2PE5tbXienX+RvA2HWCfLsXZLsPLn/NEL0AAAA=[0m[Pipeline] }
[8mha:////4Ix1u9zv19m/dXk5YdbaiEAvod4FlbZ2I3xkK+IpsJ70AAAAox+LCAAAAAAAAP9tjTESgjAQRT84FraWHiIUFBaOlW2GxhNEiDGQ2cVkESpP5NW8g4zMWPmr/17zXm+sU8SRo1Otpc5Tqr3qw+Dmp0aO3TXwqFq+qJopcbCqsmPFjT0tWLFYLMtyrDQ2lurAyZMTbHVrHqYIhlxxlji7g0bumzueyPRcFhPlC1PE7jY0ienX+RvA1PeCvNwLsvIDPcPJs70AAAA=[0m[Pipeline] // node
[8mha:////4OPjIBYlnQEdhOSrFbMihqPR/O2bar6o9spMNdY8M+tIAAAApB+LCAAAAAAAAP9tjTEOwjAQBDdBFLSUPMKRoEFCVLRWGl5gEmOcWHfBvpBUvIiv8QciIlGx1c4083pjmSKOHJ1qLLWeUuVVF3o3PTVwbK+BB9XwRVVMiYNVpR1Kru1pxpLFYl6WY6GxslQFTp6cYK0b8zBFMOSKs8TJHTRyX9/xRKanspgoXxgjNre+Tky/zt8Axq4T5Lu9INt+AHpknka9AAAA[0m[Pipeline] End of Pipeline
ERROR: script returned exit code 1
Finished: FAILURE
